#
# A fatal error has been detected by the Java Runtime Environment:
#
#  SIGSEGV (0xb) at pc=0x00007f478312ddf4, pid=16800, tid=16800
#
# JRE version: OpenJDK Runtime Environment (11.0.10+9) (build 11.0.10+9-Ubuntu-0ubuntu1.20.04)
# Java VM: OpenJDK 64-Bit Server VM (11.0.10+9-Ubuntu-0ubuntu1.20.04, mixed mode, sharing, tiered, compressed oops, g1 gc, linux-amd64)
# Problematic frame:
# C  [_jpype.cpython-38-x86_64-linux-gnu.so+0x3edf4]  JPJavaEnv::GetEnv(JNIEnv_**)+0x4
#
# Core dump will be written. Default location: Core dumps may be processed with "/usr/share/apport/apport %p %s %c %d %P %E" (or dumping to /home/expert/ecommerce/core.16800)
#
# If you would like to submit a bug report, please visit:
#   https://bugs.launchpad.net/ubuntu/+source/openjdk-lts
#

---------------  S U M M A R Y ------------

Command Line: -ea 

Host: Intel(R) Core(TM) i5-8250U CPU @ 1.60GHz, 8 cores, 7G, Ubuntu 20.04.2 LTS
Time: Fri Apr  9 11:10:50 2021 UTC elapsed time: 9.134128 seconds (0d 0h 0m 9s)

---------------  T H R E A D  ---------------

Current thread is native thread

Stack: [0x00007ffee5611000,0x00007ffee5711000],  sp=0x00007ffee570e3e8,  free space=1012k
Native frames: (J=compiled Java code, A=aot compiled Java code, j=interpreted, Vv=VM code, C=native code)
C  [_jpype.cpython-38-x86_64-linux-gnu.so+0x3edf4]  JPJavaEnv::GetEnv(JNIEnv_**)+0x4


siginfo: si_signo: 11 (SIGSEGV), si_code: 1 (SEGV_MAPERR), si_addr: 0x0000000000000008

Register to memory mapping:

RAX=0x0 is NULL
RBX=
[error occurred during error reporting (printing register info), id 0xb, SIGSEGV (0xb) at pc=0x00007f47811beedc]

Registers:
RAX=0x0000000000000000, RBX=0x0000000000bc8090, RCX=0x0000000000000100, RDX=0x0000000000000001
RSP=0x00007ffee570e3e8, RBP=0x00007f47742f82d0, RSI=0x00007ffee570e3f0, RDI=0x0000000000000000
R8 =0x00007f4783165352, R9 =0x00000000008fe980, R10=0x00007f478268d7f8, R11=0x000000000090af00
R12=0x00007f478276b920, R13=0x00007f478269f690, R14=0x0000000000000001, R15=0x0000000000bc8090
RIP=0x00007f478312ddf4, EFLAGS=0x0000000000010246, CSGSFS=0x002b000000000033, ERR=0x0000000000000004
  TRAPNO=0x000000000000000e

Top of Stack: (sp=0x00007ffee570e3e8)
0x00007ffee570e3e8:   00007f478312de40 000000000059c170
0x00007ffee570e3f8:   cf21ae63aa17f500 00007f47338eb8b0
0x00007ffee570e408:   00007f478312de9d 00007f47742f07f0
0x00007ffee570e418:   00007f47831272c9 00007f478276b920 

Instructions: (pc=0x00007f478312ddf4)
0x00007f478312dcf4:   66 2e 0f 1f 84 00 00 00 00 00 66 90 f3 0f 1e fa
0x00007f478312dd04:   0f b6 05 9d 68 05 00 84 c0 74 11 48 8b 05 9a 68
0x00007f478312dd14:   05 00 c3 66 0f 1f 84 00 00 00 00 00 55 48 8d 3d
0x00007f478312dd24:   80 68 05 00 e8 13 22 fe ff 85 c0 75 0f 48 8b 05
0x00007f478312dd34:   78 68 05 00 5d c3 66 0f 1f 44 00 00 bf 10 00 00
0x00007f478312dd44:   00 e8 86 1e fe ff 48 8b 15 9f 40 05 00 48 c7 40
0x00007f478312dd54:   08 00 00 00 00 48 8d 3d 48 68 05 00 48 89 05 49
0x00007f478312dd64:   68 05 00 48 83 c2 10 48 89 10 e8 ed 1c fe ff 48
0x00007f478312dd74:   8b 05 36 68 05 00 5d c3 f3 0f 1e fa 48 89 c5 e9
0x00007f478312dd84:   f6 38 fe ff 0f 1f 84 00 00 00 00 00 f3 0f 1e fa
0x00007f478312dd94:   48 c7 47 08 00 00 00 00 c3 90 66 90 f3 0f 1e fa
0x00007f478312dda4:   31 c0 c3 90 0f 1f 84 00 00 00 00 00 f3 0f 1e fa
0x00007f478312ddb4:   53 48 89 fb 48 8b 7f 08 48 85 ff 74 12 48 8b 07
0x00007f478312ddc4:   ff 50 18 85 c0 75 08 48 c7 43 08 00 00 00 00 31
0x00007f478312ddd4:   c0 5b c3 90 0f 1f 84 00 00 00 00 00 f3 0f 1e fa
0x00007f478312dde4:   48 8b 7f 08 48 8b 07 ff 60 28 66 90 f3 0f 1e fa
0x00007f478312ddf4:   48 8b 7f 08 48 85 ff 74 0e 48 8b 07 ba 02 00 01
0x00007f478312de04:   00 48 8b 40 30 ff e0 48 c7 06 00 00 00 00 b8 fe
0x00007f478312de14:   ff ff ff c3 0f 1f 84 00 00 00 00 00 f3 0f 1e fa
0x00007f478312de24:   48 83 ec 18 64 48 8b 04 25 28 00 00 00 48 89 44
0x00007f478312de34:   24 08 31 c0 48 89 e6 e8 b0 ff ff ff 48 8b 04 24
0x00007f478312de44:   48 8b 54 24 08 64 48 33 14 25 28 00 00 00 75 05
0x00007f478312de54:   48 83 c4 18 c3 e8 b2 1d fe ff 66 90 f3 0f 1e fa
0x00007f478312de64:   55 48 89 f5 e8 b3 ff ff ff 48 85 c0 74 16 48 89
0x00007f478312de74:   c7 48 8b 00 48 89 ee 5d 48 8b 80 b8 00 00 00 ff
0x00007f478312de84:   e0 0f 1f 00 5d c3 66 0f 1f 44 00 00 f3 0f 1e fa
0x00007f478312de94:   55 48 89 f5 e8 83 ff ff ff 48 85 c0 74 16 48 89
0x00007f478312dea4:   c7 48 8b 00 48 89 ee 5d 48 8b 80 b0 00 00 00 ff
0x00007f478312deb4:   e0 0f 1f 00 5d c3 66 0f 1f 44 00 00 f3 0f 1e fa
0x00007f478312dec4:   55 48 89 f5 e8 53 ff ff ff 48 89 ee 5d 48 89 c7
0x00007f478312ded4:   48 8b 00 48 8b 80 c8 00 00 00 ff e0 f3 0f 1e fa
0x00007f478312dee4:   55 48 89 f5 e8 33 ff ff ff 48 89 ee 5d 48 89 c7 


Stack slot to memory mapping:
stack at sp + 0 slots: 
[error occurred during error reporting (inspecting top of stack), id 0xb, SIGSEGV (0xb) at pc=0x00007f47811beedc]


---------------  P R O C E S S  ---------------

VM state:not at safepoint (normal execution)

VM Mutex/Monitor currently owned by a thread: None

Heap address: 0x0000000085600000, size: 1962 MB, Compressed Oops mode: 32-bit
Narrow klass base: 0x0000000800000000, Narrow klass shift: 3
Compressed class space size: 1073741824 Address: 0x0000000840000000

Heap:
 garbage-first heap   total 129024K, used 712K [0x0000000085600000, 0x0000000100000000)
  region size 1024K, 1 young (1024K), 0 survivors (0K)
 Metaspace       used 257K, capacity 4490K, committed 4864K, reserved 1056768K
  class space    used 15K, capacity 386K, committed 512K, reserved 1048576K
Heap Regions: E=young(eden), S=young(survivor), O=old, HS=humongous(starts), HC=humongous(continues), CS=collection set, F=free, A=archive, TAMS=top-at-mark-start (previous, next)
|   0|0x0000000085600000, 0x0000000085600000, 0x0000000085700000|  0%| F|  |TAMS 0x0000000085600000, 0x0000000085600000| Untracked 
|   1|0x0000000085700000, 0x0000000085700000, 0x0000000085800000|  0%| F|  |TAMS 0x0000000085700000, 0x0000000085700000| Untracked 
|   2|0x0000000085800000, 0x0000000085800000, 0x0000000085900000|  0%| F|  |TAMS 0x0000000085800000, 0x0000000085800000| Untracked 
|   3|0x0000000085900000, 0x0000000085900000, 0x0000000085a00000|  0%| F|  |TAMS 0x0000000085900000, 0x0000000085900000| Untracked 
|   4|0x0000000085a00000, 0x0000000085a00000, 0x0000000085b00000|  0%| F|  |TAMS 0x0000000085a00000, 0x0000000085a00000| Untracked 
|   5|0x0000000085b00000, 0x0000000085b00000, 0x0000000085c00000|  0%| F|  |TAMS 0x0000000085b00000, 0x0000000085b00000| Untracked 
|   6|0x0000000085c00000, 0x0000000085c00000, 0x0000000085d00000|  0%| F|  |TAMS 0x0000000085c00000, 0x0000000085c00000| Untracked 
|   7|0x0000000085d00000, 0x0000000085d00000, 0x0000000085e00000|  0%| F|  |TAMS 0x0000000085d00000, 0x0000000085d00000| Untracked 
|   8|0x0000000085e00000, 0x0000000085e00000, 0x0000000085f00000|  0%| F|  |TAMS 0x0000000085e00000, 0x0000000085e00000| Untracked 
|   9|0x0000000085f00000, 0x0000000085f00000, 0x0000000086000000|  0%| F|  |TAMS 0x0000000085f00000, 0x0000000085f00000| Untracked 
|  10|0x0000000086000000, 0x0000000086000000, 0x0000000086100000|  0%| F|  |TAMS 0x0000000086000000, 0x0000000086000000| Untracked 
|  11|0x0000000086100000, 0x0000000086100000, 0x0000000086200000|  0%| F|  |TAMS 0x0000000086100000, 0x0000000086100000| Untracked 
|  12|0x0000000086200000, 0x0000000086200000, 0x0000000086300000|  0%| F|  |TAMS 0x0000000086200000, 0x0000000086200000| Untracked 
|  13|0x0000000086300000, 0x0000000086300000, 0x0000000086400000|  0%| F|  |TAMS 0x0000000086300000, 0x0000000086300000| Untracked 
|  14|0x0000000086400000, 0x0000000086400000, 0x0000000086500000|  0%| F|  |TAMS 0x0000000086400000, 0x0000000086400000| Untracked 
|  15|0x0000000086500000, 0x0000000086500000, 0x0000000086600000|  0%| F|  |TAMS 0x0000000086500000, 0x0000000086500000| Untracked 
|  16|0x0000000086600000, 0x0000000086600000, 0x0000000086700000|  0%| F|  |TAMS 0x0000000086600000, 0x0000000086600000| Untracked 
|  17|0x0000000086700000, 0x0000000086700000, 0x0000000086800000|  0%| F|  |TAMS 0x0000000086700000, 0x0000000086700000| Untracked 
|  18|0x0000000086800000, 0x0000000086800000, 0x0000000086900000|  0%| F|  |TAMS 0x0000000086800000, 0x0000000086800000| Untracked 
|  19|0x0000000086900000, 0x0000000086900000, 0x0000000086a00000|  0%| F|  |TAMS 0x0000000086900000, 0x0000000086900000| Untracked 
|  20|0x0000000086a00000, 0x0000000086a00000, 0x0000000086b00000|  0%| F|  |TAMS 0x0000000086a00000, 0x0000000086a00000| Untracked 
|  21|0x0000000086b00000, 0x0000000086b00000, 0x0000000086c00000|  0%| F|  |TAMS 0x0000000086b00000, 0x0000000086b00000| Untracked 
|  22|0x0000000086c00000, 0x0000000086c00000, 0x0000000086d00000|  0%| F|  |TAMS 0x0000000086c00000, 0x0000000086c00000| Untracked 
|  23|0x0000000086d00000, 0x0000000086d00000, 0x0000000086e00000|  0%| F|  |TAMS 0x0000000086d00000, 0x0000000086d00000| Untracked 
|  24|0x0000000086e00000, 0x0000000086e00000, 0x0000000086f00000|  0%| F|  |TAMS 0x0000000086e00000, 0x0000000086e00000| Untracked 
|  25|0x0000000086f00000, 0x0000000086f00000, 0x0000000087000000|  0%| F|  |TAMS 0x0000000086f00000, 0x0000000086f00000| Untracked 
|  26|0x0000000087000000, 0x0000000087000000, 0x0000000087100000|  0%| F|  |TAMS 0x0000000087000000, 0x0000000087000000| Untracked 
|  27|0x0000000087100000, 0x0000000087100000, 0x0000000087200000|  0%| F|  |TAMS 0x0000000087100000, 0x0000000087100000| Untracked 
|  28|0x0000000087200000, 0x0000000087200000, 0x0000000087300000|  0%| F|  |TAMS 0x0000000087200000, 0x0000000087200000| Untracked 
|  29|0x0000000087300000, 0x0000000087300000, 0x0000000087400000|  0%| F|  |TAMS 0x0000000087300000, 0x0000000087300000| Untracked 
|  30|0x0000000087400000, 0x0000000087400000, 0x0000000087500000|  0%| F|  |TAMS 0x0000000087400000, 0x0000000087400000| Untracked 
|  31|0x0000000087500000, 0x0000000087500000, 0x0000000087600000|  0%| F|  |TAMS 0x0000000087500000, 0x0000000087500000| Untracked 
|  32|0x0000000087600000, 0x0000000087600000, 0x0000000087700000|  0%| F|  |TAMS 0x0000000087600000, 0x0000000087600000| Untracked 
|  33|0x0000000087700000, 0x0000000087700000, 0x0000000087800000|  0%| F|  |TAMS 0x0000000087700000, 0x0000000087700000| Untracked 
|  34|0x0000000087800000, 0x0000000087800000, 0x0000000087900000|  0%| F|  |TAMS 0x0000000087800000, 0x0000000087800000| Untracked 
|  35|0x0000000087900000, 0x0000000087900000, 0x0000000087a00000|  0%| F|  |TAMS 0x0000000087900000, 0x0000000087900000| Untracked 
|  36|0x0000000087a00000, 0x0000000087a00000, 0x0000000087b00000|  0%| F|  |TAMS 0x0000000087a00000, 0x0000000087a00000| Untracked 
|  37|0x0000000087b00000, 0x0000000087b00000, 0x0000000087c00000|  0%| F|  |TAMS 0x0000000087b00000, 0x0000000087b00000| Untracked 
|  38|0x0000000087c00000, 0x0000000087c00000, 0x0000000087d00000|  0%| F|  |TAMS 0x0000000087c00000, 0x0000000087c00000| Untracked 
|  39|0x0000000087d00000, 0x0000000087d00000, 0x0000000087e00000|  0%| F|  |TAMS 0x0000000087d00000, 0x0000000087d00000| Untracked 
|  40|0x0000000087e00000, 0x0000000087e00000, 0x0000000087f00000|  0%| F|  |TAMS 0x0000000087e00000, 0x0000000087e00000| Untracked 
|  41|0x0000000087f00000, 0x0000000087f00000, 0x0000000088000000|  0%| F|  |TAMS 0x0000000087f00000, 0x0000000087f00000| Untracked 
|  42|0x0000000088000000, 0x0000000088000000, 0x0000000088100000|  0%| F|  |TAMS 0x0000000088000000, 0x0000000088000000| Untracked 
|  43|0x0000000088100000, 0x0000000088100000, 0x0000000088200000|  0%| F|  |TAMS 0x0000000088100000, 0x0000000088100000| Untracked 
|  44|0x0000000088200000, 0x0000000088200000, 0x0000000088300000|  0%| F|  |TAMS 0x0000000088200000, 0x0000000088200000| Untracked 
|  45|0x0000000088300000, 0x0000000088300000, 0x0000000088400000|  0%| F|  |TAMS 0x0000000088300000, 0x0000000088300000| Untracked 
|  46|0x0000000088400000, 0x0000000088400000, 0x0000000088500000|  0%| F|  |TAMS 0x0000000088400000, 0x0000000088400000| Untracked 
|  47|0x0000000088500000, 0x0000000088500000, 0x0000000088600000|  0%| F|  |TAMS 0x0000000088500000, 0x0000000088500000| Untracked 
|  48|0x0000000088600000, 0x0000000088600000, 0x0000000088700000|  0%| F|  |TAMS 0x0000000088600000, 0x0000000088600000| Untracked 
|  49|0x0000000088700000, 0x0000000088700000, 0x0000000088800000|  0%| F|  |TAMS 0x0000000088700000, 0x0000000088700000| Untracked 
|  50|0x0000000088800000, 0x0000000088800000, 0x0000000088900000|  0%| F|  |TAMS 0x0000000088800000, 0x0000000088800000| Untracked 
|  51|0x0000000088900000, 0x0000000088900000, 0x0000000088a00000|  0%| F|  |TAMS 0x0000000088900000, 0x0000000088900000| Untracked 
|  52|0x0000000088a00000, 0x0000000088a00000, 0x0000000088b00000|  0%| F|  |TAMS 0x0000000088a00000, 0x0000000088a00000| Untracked 
|  53|0x0000000088b00000, 0x0000000088b00000, 0x0000000088c00000|  0%| F|  |TAMS 0x0000000088b00000, 0x0000000088b00000| Untracked 
|  54|0x0000000088c00000, 0x0000000088c00000, 0x0000000088d00000|  0%| F|  |TAMS 0x0000000088c00000, 0x0000000088c00000| Untracked 
|  55|0x0000000088d00000, 0x0000000088d00000, 0x0000000088e00000|  0%| F|  |TAMS 0x0000000088d00000, 0x0000000088d00000| Untracked 
|  56|0x0000000088e00000, 0x0000000088e00000, 0x0000000088f00000|  0%| F|  |TAMS 0x0000000088e00000, 0x0000000088e00000| Untracked 
|  57|0x0000000088f00000, 0x0000000088f00000, 0x0000000089000000|  0%| F|  |TAMS 0x0000000088f00000, 0x0000000088f00000| Untracked 
|  58|0x0000000089000000, 0x0000000089000000, 0x0000000089100000|  0%| F|  |TAMS 0x0000000089000000, 0x0000000089000000| Untracked 
|  59|0x0000000089100000, 0x0000000089100000, 0x0000000089200000|  0%| F|  |TAMS 0x0000000089100000, 0x0000000089100000| Untracked 
|  60|0x0000000089200000, 0x0000000089200000, 0x0000000089300000|  0%| F|  |TAMS 0x0000000089200000, 0x0000000089200000| Untracked 
|  61|0x0000000089300000, 0x0000000089300000, 0x0000000089400000|  0%| F|  |TAMS 0x0000000089300000, 0x0000000089300000| Untracked 
|  62|0x0000000089400000, 0x0000000089400000, 0x0000000089500000|  0%| F|  |TAMS 0x0000000089400000, 0x0000000089400000| Untracked 
|  63|0x0000000089500000, 0x0000000089500000, 0x0000000089600000|  0%| F|  |TAMS 0x0000000089500000, 0x0000000089500000| Untracked 
|  64|0x0000000089600000, 0x0000000089600000, 0x0000000089700000|  0%| F|  |TAMS 0x0000000089600000, 0x0000000089600000| Untracked 
|  65|0x0000000089700000, 0x0000000089700000, 0x0000000089800000|  0%| F|  |TAMS 0x0000000089700000, 0x0000000089700000| Untracked 
|  66|0x0000000089800000, 0x0000000089800000, 0x0000000089900000|  0%| F|  |TAMS 0x0000000089800000, 0x0000000089800000| Untracked 
|  67|0x0000000089900000, 0x0000000089900000, 0x0000000089a00000|  0%| F|  |TAMS 0x0000000089900000, 0x0000000089900000| Untracked 
|  68|0x0000000089a00000, 0x0000000089a00000, 0x0000000089b00000|  0%| F|  |TAMS 0x0000000089a00000, 0x0000000089a00000| Untracked 
|  69|0x0000000089b00000, 0x0000000089b00000, 0x0000000089c00000|  0%| F|  |TAMS 0x0000000089b00000, 0x0000000089b00000| Untracked 
|  70|0x0000000089c00000, 0x0000000089c00000, 0x0000000089d00000|  0%| F|  |TAMS 0x0000000089c00000, 0x0000000089c00000| Untracked 
|  71|0x0000000089d00000, 0x0000000089d00000, 0x0000000089e00000|  0%| F|  |TAMS 0x0000000089d00000, 0x0000000089d00000| Untracked 
|  72|0x0000000089e00000, 0x0000000089e00000, 0x0000000089f00000|  0%| F|  |TAMS 0x0000000089e00000, 0x0000000089e00000| Untracked 
|  73|0x0000000089f00000, 0x0000000089f00000, 0x000000008a000000|  0%| F|  |TAMS 0x0000000089f00000, 0x0000000089f00000| Untracked 
|  74|0x000000008a000000, 0x000000008a000000, 0x000000008a100000|  0%| F|  |TAMS 0x000000008a000000, 0x000000008a000000| Untracked 
|  75|0x000000008a100000, 0x000000008a100000, 0x000000008a200000|  0%| F|  |TAMS 0x000000008a100000, 0x000000008a100000| Untracked 
|  76|0x000000008a200000, 0x000000008a200000, 0x000000008a300000|  0%| F|  |TAMS 0x000000008a200000, 0x000000008a200000| Untracked 
|  77|0x000000008a300000, 0x000000008a300000, 0x000000008a400000|  0%| F|  |TAMS 0x000000008a300000, 0x000000008a300000| Untracked 
|  78|0x000000008a400000, 0x000000008a400000, 0x000000008a500000|  0%| F|  |TAMS 0x000000008a400000, 0x000000008a400000| Untracked 
|  79|0x000000008a500000, 0x000000008a500000, 0x000000008a600000|  0%| F|  |TAMS 0x000000008a500000, 0x000000008a500000| Untracked 
|  80|0x000000008a600000, 0x000000008a600000, 0x000000008a700000|  0%| F|  |TAMS 0x000000008a600000, 0x000000008a600000| Untracked 
|  81|0x000000008a700000, 0x000000008a700000, 0x000000008a800000|  0%| F|  |TAMS 0x000000008a700000, 0x000000008a700000| Untracked 
|  82|0x000000008a800000, 0x000000008a800000, 0x000000008a900000|  0%| F|  |TAMS 0x000000008a800000, 0x000000008a800000| Untracked 
|  83|0x000000008a900000, 0x000000008a900000, 0x000000008aa00000|  0%| F|  |TAMS 0x000000008a900000, 0x000000008a900000| Untracked 
|  84|0x000000008aa00000, 0x000000008aa00000, 0x000000008ab00000|  0%| F|  |TAMS 0x000000008aa00000, 0x000000008aa00000| Untracked 
|  85|0x000000008ab00000, 0x000000008ab00000, 0x000000008ac00000|  0%| F|  |TAMS 0x000000008ab00000, 0x000000008ab00000| Untracked 
|  86|0x000000008ac00000, 0x000000008ac00000, 0x000000008ad00000|  0%| F|  |TAMS 0x000000008ac00000, 0x000000008ac00000| Untracked 
|  87|0x000000008ad00000, 0x000000008ad00000, 0x000000008ae00000|  0%| F|  |TAMS 0x000000008ad00000, 0x000000008ad00000| Untracked 
|  88|0x000000008ae00000, 0x000000008ae00000, 0x000000008af00000|  0%| F|  |TAMS 0x000000008ae00000, 0x000000008ae00000| Untracked 
|  89|0x000000008af00000, 0x000000008af00000, 0x000000008b000000|  0%| F|  |TAMS 0x000000008af00000, 0x000000008af00000| Untracked 
|  90|0x000000008b000000, 0x000000008b000000, 0x000000008b100000|  0%| F|  |TAMS 0x000000008b000000, 0x000000008b000000| Untracked 
|  91|0x000000008b100000, 0x000000008b100000, 0x000000008b200000|  0%| F|  |TAMS 0x000000008b100000, 0x000000008b100000| Untracked 
|  92|0x000000008b200000, 0x000000008b200000, 0x000000008b300000|  0%| F|  |TAMS 0x000000008b200000, 0x000000008b200000| Untracked 
|  93|0x000000008b300000, 0x000000008b300000, 0x000000008b400000|  0%| F|  |TAMS 0x000000008b300000, 0x000000008b300000| Untracked 
|  94|0x000000008b400000, 0x000000008b400000, 0x000000008b500000|  0%| F|  |TAMS 0x000000008b400000, 0x000000008b400000| Untracked 
|  95|0x000000008b500000, 0x000000008b500000, 0x000000008b600000|  0%| F|  |TAMS 0x000000008b500000, 0x000000008b500000| Untracked 
|  96|0x000000008b600000, 0x000000008b600000, 0x000000008b700000|  0%| F|  |TAMS 0x000000008b600000, 0x000000008b600000| Untracked 
|  97|0x000000008b700000, 0x000000008b700000, 0x000000008b800000|  0%| F|  |TAMS 0x000000008b700000, 0x000000008b700000| Untracked 
|  98|0x000000008b800000, 0x000000008b800000, 0x000000008b900000|  0%| F|  |TAMS 0x000000008b800000, 0x000000008b800000| Untracked 
|  99|0x000000008b900000, 0x000000008b900000, 0x000000008ba00000|  0%| F|  |TAMS 0x000000008b900000, 0x000000008b900000| Untracked 
| 100|0x000000008ba00000, 0x000000008ba00000, 0x000000008bb00000|  0%| F|  |TAMS 0x000000008ba00000, 0x000000008ba00000| Untracked 
| 101|0x000000008bb00000, 0x000000008bb00000, 0x000000008bc00000|  0%| F|  |TAMS 0x000000008bb00000, 0x000000008bb00000| Untracked 
| 102|0x000000008bc00000, 0x000000008bc00000, 0x000000008bd00000|  0%| F|  |TAMS 0x000000008bc00000, 0x000000008bc00000| Untracked 
| 103|0x000000008bd00000, 0x000000008bd00000, 0x000000008be00000|  0%| F|  |TAMS 0x000000008bd00000, 0x000000008bd00000| Untracked 
| 104|0x000000008be00000, 0x000000008be00000, 0x000000008bf00000|  0%| F|  |TAMS 0x000000008be00000, 0x000000008be00000| Untracked 
| 105|0x000000008bf00000, 0x000000008bf00000, 0x000000008c000000|  0%| F|  |TAMS 0x000000008bf00000, 0x000000008bf00000| Untracked 
| 106|0x000000008c000000, 0x000000008c000000, 0x000000008c100000|  0%| F|  |TAMS 0x000000008c000000, 0x000000008c000000| Untracked 
| 107|0x000000008c100000, 0x000000008c100000, 0x000000008c200000|  0%| F|  |TAMS 0x000000008c100000, 0x000000008c100000| Untracked 
| 108|0x000000008c200000, 0x000000008c200000, 0x000000008c300000|  0%| F|  |TAMS 0x000000008c200000, 0x000000008c200000| Untracked 
| 109|0x000000008c300000, 0x000000008c300000, 0x000000008c400000|  0%| F|  |TAMS 0x000000008c300000, 0x000000008c300000| Untracked 
| 110|0x000000008c400000, 0x000000008c400000, 0x000000008c500000|  0%| F|  |TAMS 0x000000008c400000, 0x000000008c400000| Untracked 
| 111|0x000000008c500000, 0x000000008c500000, 0x000000008c600000|  0%| F|  |TAMS 0x000000008c500000, 0x000000008c500000| Untracked 
| 112|0x000000008c600000, 0x000000008c600000, 0x000000008c700000|  0%| F|  |TAMS 0x000000008c600000, 0x000000008c600000| Untracked 
| 113|0x000000008c700000, 0x000000008c700000, 0x000000008c800000|  0%| F|  |TAMS 0x000000008c700000, 0x000000008c700000| Untracked 
| 114|0x000000008c800000, 0x000000008c800000, 0x000000008c900000|  0%| F|  |TAMS 0x000000008c800000, 0x000000008c800000| Untracked 
| 115|0x000000008c900000, 0x000000008c900000, 0x000000008ca00000|  0%| F|  |TAMS 0x000000008c900000, 0x000000008c900000| Untracked 
| 116|0x000000008ca00000, 0x000000008ca00000, 0x000000008cb00000|  0%| F|  |TAMS 0x000000008ca00000, 0x000000008ca00000| Untracked 
| 117|0x000000008cb00000, 0x000000008cb00000, 0x000000008cc00000|  0%| F|  |TAMS 0x000000008cb00000, 0x000000008cb00000| Untracked 
| 118|0x000000008cc00000, 0x000000008cc00000, 0x000000008cd00000|  0%| F|  |TAMS 0x000000008cc00000, 0x000000008cc00000| Untracked 
| 119|0x000000008cd00000, 0x000000008cd00000, 0x000000008ce00000|  0%| F|  |TAMS 0x000000008cd00000, 0x000000008cd00000| Untracked 
| 120|0x000000008ce00000, 0x000000008ce00000, 0x000000008cf00000|  0%| F|  |TAMS 0x000000008ce00000, 0x000000008ce00000| Untracked 
| 121|0x000000008cf00000, 0x000000008cf00000, 0x000000008d000000|  0%| F|  |TAMS 0x000000008cf00000, 0x000000008cf00000| Untracked 
| 122|0x000000008d000000, 0x000000008d000000, 0x000000008d100000|  0%| F|  |TAMS 0x000000008d000000, 0x000000008d000000| Untracked 
| 123|0x000000008d100000, 0x000000008d200000, 0x000000008d200000|100%| E|  |TAMS 0x000000008d100000, 0x000000008d100000| Complete 
|1960|0x00000000ffe00000, 0x00000000ffe47000, 0x00000000fff00000| 27%|OA|  |TAMS 0x00000000ffe00000, 0x00000000ffe00000| Untracked 
|1961|0x00000000fff00000, 0x00000000fff6b000, 0x0000000100000000| 41%|CA|  |TAMS 0x00000000fff00000, 0x00000000fff00000| Untracked 

Card table byte_map: [0x00007f4757856000,0x00007f4757c2b000] _byte_map_base: 0x00007f475742b000

Marking Bits (Prev, Next): (CMBitMap*) 0x00007f4774064f78, (CMBitMap*) 0x00007f4774064fb0
 Prev Bits: [0x00007f47555d9000, 0x00007f4757481000)
 Next Bits: [0x00007f4753731000, 0x00007f47555d9000)

Polling page: 0x00007f4785b1e000

Metaspace:

Usage:
  Non-class:      4.01 MB capacity,   241.66 KB (  6%) used,     3.77 MB ( 94%) free+waste,   192 bytes ( <1%) overhead. 
      Class:    386.00 KB capacity,    15.98 KB (  4%) used,   369.90 KB ( 96%) free+waste,   128 bytes ( <1%) overhead. 
       Both:      4.38 MB capacity,   257.63 KB (  6%) used,     4.13 MB ( 94%) free+waste,   320 bytes ( <1%) overhead. 

Virtual space:
  Non-class space:        8.00 MB reserved,       4.25 MB ( 53%) committed 
      Class space:        1.00 GB reserved,     512.00 KB ( <1%) committed 
             Both:        1.01 GB reserved,       4.75 MB ( <1%) committed 

Chunk freelists:
   Non-Class:  0 bytes
       Class:  0 bytes
        Both:  0 bytes

MaxMetaspaceSize: unlimited
CompressedClassSpaceSize: 1.00 GB

CodeHeap 'non-profiled nmethods': size=120032Kb used=15Kb max_used=15Kb free=120016Kb
 bounds [0x00007f4764359000, 0x00007f47645c9000, 0x00007f476b891000]
CodeHeap 'profiled nmethods': size=120028Kb used=88Kb max_used=88Kb free=119939Kb
 bounds [0x00007f475ce22000, 0x00007f475d092000, 0x00007f4764359000]
CodeHeap 'non-nmethods': size=5700Kb used=981Kb max_used=992Kb free=4718Kb
 bounds [0x00007f475c891000, 0x00007f475cb01000, 0x00007f475ce22000]
 total_blobs=307 nmethods=69 adapters=151
 compilation: enabled
              stopped_count=0, restarted_count=0
 full_count=0

Compilation events (20 events):
Event: 0.102 Thread 0x00007f477427c800   60       3       java.lang.String::charAt (25 bytes)
Event: 0.102 Thread 0x00007f477427c800 nmethod 60 0x00007f475ce36110 code [0x00007f475ce36300, 0x00007f475ce366d0]
Event: 0.102 Thread 0x00007f477427c800   61       3       java.lang.StringLatin1::charAt (28 bytes)
Event: 0.103 Thread 0x00007f477427c800 nmethod 61 0x00007f475ce36810 code [0x00007f475ce369e0, 0x00007f475ce36bc0]
Event: 0.103 Thread 0x00007f477427c800   62       3       java.lang.CharacterDataLatin1::getProperties (11 bytes)
Event: 0.103 Thread 0x00007f477427c800 nmethod 62 0x00007f475ce36c90 code [0x00007f475ce36e40, 0x00007f475ce36f90]
Event: 0.103 Thread 0x00007f477427c800   63       1       java.lang.reflect.Method::getModifiers (5 bytes)
Event: 0.103 Thread 0x00007f477427c800 nmethod 63 0x00007f476435c890 code [0x00007f476435ca40, 0x00007f476435cb10]
Event: 0.105 Thread 0x00007f477427c800   64       3       java.lang.Class::getName (18 bytes)
Event: 0.105 Thread 0x00007f477427c800 nmethod 64 0x00007f475ce37090 code [0x00007f475ce37240, 0x00007f475ce373e0]
Event: 0.105 Thread 0x00007f477427c800   65       1       java.lang.reflect.Method::getName (5 bytes)
Event: 0.105 Thread 0x00007f477427c800 nmethod 65 0x00007f476435cb90 code [0x00007f476435cd40, 0x00007f476435ce10]
Event: 0.107 Thread 0x00007f477427c800   66       3       jdk.internal.reflect.ReflectionFactory::langReflectAccess (15 bytes)
Event: 0.107 Thread 0x00007f477427c800 nmethod 66 0x00007f475ce37490 code [0x00007f475ce37640, 0x00007f475ce377f0]
Event: 0.107 Thread 0x00007f477427c800   67       3       java.lang.reflect.AccessibleObject::<init> (5 bytes)
Event: 0.107 Thread 0x00007f477427c800 nmethod 67 0x00007f475ce37890 code [0x00007f475ce37a40, 0x00007f475ce37bb0]
Event: 0.107 Thread 0x00007f477427c800   68       3       java.lang.reflect.Modifier::isStatic (13 bytes)
Event: 0.107 Thread 0x00007f477427c800 nmethod 68 0x00007f475ce37c90 code [0x00007f475ce37e40, 0x00007f475ce37f70]
Event: 0.108 Thread 0x00007f477427c800   69       3       java.lang.Math::min (11 bytes)
Event: 0.108 Thread 0x00007f477427c800 nmethod 69 0x00007f475ce38010 code [0x00007f475ce381c0, 0x00007f475ce382f0]

GC Heap History (0 events):
No events

Deoptimization events (0 events):
No events

Classes redefined (0 events):
No events

Internal exceptions (2 events):
Event: 0.102 Thread 0x00007f4774024000 Exception <a 'java/lang/NoClassDefFoundError'{0x000000008d155300}: Ljava/lang;> (0x000000008d155300) thrown at [src/hotspot/share/classfile/systemDictionary.cpp, line 220]
Event: 0.108 Thread 0x00007f4774024000 Exception <a 'java/lang/NoClassDefFoundError'{0x000000008d165200}: L/Hello/class;> (0x000000008d165200) thrown at [src/hotspot/share/classfile/systemDictionary.cpp, line 220]

Events (20 events):
Event: 0.100 loading class java/io/ObjectInput done
Event: 0.100 loading class java/io/ObjectStreamConstants
Event: 0.100 loading class java/io/ObjectStreamConstants done
Event: 0.100 loading class java/io/ObjectInputStream done
Event: 0.100 loading class java/io/ObjectOutputStream
Event: 0.100 loading class java/io/ObjectOutput
Event: 0.100 loading class java/io/ObjectOutput done
Event: 0.100 loading class java/io/ObjectOutputStream done
Event: 0.101 Thread 0x00007f47742dd000 Thread added: 0x00007f47742dd000
Event: 0.101 loading class java/lang
Event: 0.101 loading class java/lang done
Event: 0.101 Protecting memory [0x00007f47338f8000,0x00007f47338fc000] with protection modes 0
Event: 0.102 loading class jdk/internal/loader/URLClassPath$FileLoader
Event: 0.102 loading class jdk/internal/loader/URLClassPath$FileLoader done
Event: 0.103 loading class java/util/function/IntFunction
Event: 0.103 loading class java/util/function/IntFunction done
Event: 0.103 loading class java/util/function/UnaryOperator
Event: 0.103 loading class java/util/function/UnaryOperator done
Event: 0.106 loading class java/lang/NumberFormatException
Event: 0.106 loading class java/lang/NumberFormatException done


Dynamic libraries:
00400000-00423000 r--p 00000000 08:02 5505908                            /usr/bin/python3.8
00423000-006b7000 r-xp 00023000 08:02 5505908                            /usr/bin/python3.8
006b7000-008f3000 r--p 002b7000 08:02 5505908                            /usr/bin/python3.8
008f4000-008f5000 r--p 004f3000 08:02 5505908                            /usr/bin/python3.8
008f5000-0093c000 rw-p 004f4000 08:02 5505908                            /usr/bin/python3.8
0093c000-0095f000 rw-p 00000000 00:00 0 
00bc5000-01491000 rw-p 00000000 00:00 0                                  [heap]
85600000-8d200000 rw-p 00000000 00:00 0 
8d200000-ffe00000 ---p 00000000 00:00 0 
ffe00000-ffe47000 rw-p 01111000 08:02 10617960                           /usr/lib/jvm/java-11-openjdk-amd64/lib/server/classes.jsa
ffe47000-fff00000 rw-p 00000000 00:00 0 
fff00000-fff6b000 rw-p 010a6000 08:02 10617960                           /usr/lib/jvm/java-11-openjdk-amd64/lib/server/classes.jsa
fff6b000-100000000 rw-p 00000000 00:00 0 
800000000-800002000 rwxp 00001000 08:02 10617960                         /usr/lib/jvm/java-11-openjdk-amd64/lib/server/classes.jsa
800002000-8003b9000 rw-p 00003000 08:02 10617960                         /usr/lib/jvm/java-11-openjdk-amd64/lib/server/classes.jsa
8003b9000-800a96000 r--p 003ba000 08:02 10617960                         /usr/lib/jvm/java-11-openjdk-amd64/lib/server/classes.jsa
800a96000-800a97000 rw-p 00a97000 08:02 10617960                         /usr/lib/jvm/java-11-openjdk-amd64/lib/server/classes.jsa
800a97000-8010a5000 r--p 00a98000 08:02 10617960                         /usr/lib/jvm/java-11-openjdk-amd64/lib/server/classes.jsa
840000000-840080000 rw-p 00000000 00:00 0 
840080000-880000000 ---p 00000000 00:00 0 
7f4714000000-7f4714021000 rw-p 00000000 00:00 0 
7f4714021000-7f4718000000 ---p 00000000 00:00 0 
7f4718000000-7f4718021000 rw-p 00000000 00:00 0 
7f4718021000-7f471c000000 ---p 00000000 00:00 0 
7f471c000000-7f471c046000 rw-p 00000000 00:00 0 
7f471c046000-7f4720000000 ---p 00000000 00:00 0 
7f4720000000-7f4720021000 rw-p 00000000 00:00 0 
7f4720021000-7f4724000000 ---p 00000000 00:00 0 
7f4724000000-7f4724021000 rw-p 00000000 00:00 0 
7f4724021000-7f4728000000 ---p 00000000 00:00 0 
7f4728000000-7f47280ae000 rw-p 00000000 00:00 0 
7f47280ae000-7f472c000000 ---p 00000000 00:00 0 
7f472c000000-7f472c021000 rw-p 00000000 00:00 0 
7f472c021000-7f4730000000 ---p 00000000 00:00 0 
7f47337f8000-7f47338f8000 rw-p 00000000 00:00 0 
7f47338f8000-7f47338fc000 ---p 00000000 00:00 0 
7f47338fc000-7f47339f9000 rw-p 00000000 00:00 0 
7f47339f9000-7f47339fa000 ---p 00000000 00:00 0 
7f47339fa000-7f4733afb000 rw-p 00000000 00:00 0 
7f4733afb000-7f4733aff000 ---p 00000000 00:00 0 
7f4733aff000-7f4733bfc000 rw-p 00000000 00:00 0 
7f4733bfc000-7f4733c00000 ---p 00000000 00:00 0 
7f4733c00000-7f4733cfd000 rw-p 00000000 00:00 0 
7f4733cfd000-7f4733d01000 ---p 00000000 00:00 0 
7f4733d01000-7f4733dfe000 rw-p 00000000 00:00 0 
7f4733dfe000-7f4733e02000 ---p 00000000 00:00 0 
7f4733e02000-7f4733eff000 rw-p 00000000 00:00 0 
7f4733eff000-7f4733f03000 ---p 00000000 00:00 0 
7f4733f03000-7f4734000000 rw-p 00000000 00:00 0 
7f4734000000-7f4734021000 rw-p 00000000 00:00 0 
7f4734021000-7f4738000000 ---p 00000000 00:00 0 
7f4738000000-7f4738021000 rw-p 00000000 00:00 0 
7f4738021000-7f473c000000 ---p 00000000 00:00 0 
7f473c000000-7f473c021000 rw-p 00000000 00:00 0 
7f473c021000-7f4740000000 ---p 00000000 00:00 0 
7f4740000000-7f4740021000 rw-p 00000000 00:00 0 
7f4740021000-7f4744000000 ---p 00000000 00:00 0 
7f4744000000-7f4744021000 rw-p 00000000 00:00 0 
7f4744021000-7f4748000000 ---p 00000000 00:00 0 
7f4748000000-7f4748021000 rw-p 00000000 00:00 0 
7f4748021000-7f474c000000 ---p 00000000 00:00 0 
7f474c000000-7f474c021000 rw-p 00000000 00:00 0 
7f474c021000-7f4750000000 ---p 00000000 00:00 0 
7f475001d000-7f4750021000 ---p 00000000 00:00 0 
7f4750021000-7f475011e000 rw-p 00000000 00:00 0 
7f475011e000-7f4750122000 ---p 00000000 00:00 0 
7f4750122000-7f475021f000 rw-p 00000000 00:00 0 
7f475021f000-7f4750220000 ---p 00000000 00:00 0 
7f4750220000-7f4750761000 rw-p 00000000 00:00 0 
7f4750761000-7f4750b21000 ---p 00000000 00:00 0 
7f4750b21000-7f4750b22000 ---p 00000000 00:00 0 
7f4750b22000-7f4750c23000 rw-p 00000000 00:00 0 
7f4750c23000-7f4750c24000 ---p 00000000 00:00 0 
7f4750c24000-7f475352d000 rw-p 00000000 00:00 0 
7f475352d000-7f475352e000 ---p 00000000 00:00 0 
7f475352e000-7f475362f000 rw-p 00000000 00:00 0 
7f475362f000-7f4753630000 ---p 00000000 00:00 0 
7f4753630000-7f4753921000 rw-p 00000000 00:00 0 
7f4753921000-7f47555d1000 ---p 00000000 00:00 0 
7f47555d1000-7f47557c9000 rw-p 00000000 00:00 0 
7f47557c9000-7f4757479000 ---p 00000000 00:00 0 
7f4757479000-7f47574bf000 rw-p 00000000 00:00 0 
7f47574bf000-7f4757855000 ---p 00000000 00:00 0 
7f4757855000-7f4757894000 rw-p 00000000 00:00 0 
7f4757894000-7f4757c2a000 ---p 00000000 00:00 0 
7f4757c2a000-7f4757c69000 rw-p 00000000 00:00 0 
7f4757c69000-7f4757fff000 ---p 00000000 00:00 0 
7f4757fff000-7f4758000000 rw-p 00000000 00:00 0 
7f4758000000-7f4758021000 rw-p 00000000 00:00 0 
7f4758021000-7f475c000000 ---p 00000000 00:00 0 
7f475c00a000-7f475c891000 rw-p 00000000 00:00 0 
7f475c891000-7f475cb01000 rwxp 00000000 00:00 0 
7f475cb01000-7f475ce22000 ---p 00000000 00:00 0 
7f475ce22000-7f475d092000 rwxp 00000000 00:00 0 
7f475d092000-7f4764359000 ---p 00000000 00:00 0 
7f4764359000-7f47645c9000 rwxp 00000000 00:00 0 
7f47645c9000-7f476b891000 ---p 00000000 00:00 0 
7f476b891000-7f4774000000 r--s 00000000 08:02 10617214                   /usr/lib/jvm/java-11-openjdk-amd64/lib/modules
7f4774000000-7f477442f000 rw-p 00000000 00:00 0 
7f477442f000-7f4778000000 ---p 00000000 00:00 0 
7f4778000000-7f4778021000 rw-p 00000000 00:00 0 
7f4778021000-7f477c000000 ---p 00000000 00:00 0 
7f477c000000-7f477c0c0000 rw-p 00000000 00:00 0 
7f477c0c0000-7f4780000000 ---p 00000000 00:00 0 
7f4780024000-7f4780064000 rw-p 00000000 00:00 0 
7f4780064000-7f4780065000 ---p 00000000 00:00 0 
7f4780065000-7f478016b000 rw-p 00000000 00:00 0 
7f478016b000-7f4780251000 ---p 00000000 00:00 0 
7f4780251000-7f4780256000 rw-p 00000000 00:00 0 
7f4780256000-7f478033c000 ---p 00000000 00:00 0 
7f478033c000-7f4780341000 rw-p 00000000 00:00 0 
7f4780341000-7f4780348000 ---p 00000000 00:00 0 
7f4780348000-7f478034a000 r--p 00000000 08:02 10617213                   /usr/lib/jvm/java-11-openjdk-amd64/lib/libzip.so
7f478034a000-7f478034e000 r-xp 00002000 08:02 10617213                   /usr/lib/jvm/java-11-openjdk-amd64/lib/libzip.so
7f478034e000-7f4780350000 r--p 00006000 08:02 10617213                   /usr/lib/jvm/java-11-openjdk-amd64/lib/libzip.so
7f4780350000-7f4780351000 r--p 00007000 08:02 10617213                   /usr/lib/jvm/java-11-openjdk-amd64/lib/libzip.so
7f4780351000-7f4780352000 rw-p 00008000 08:02 10617213                   /usr/lib/jvm/java-11-openjdk-amd64/lib/libzip.so
7f4780352000-7f478035a000 rw-s 00000000 08:02 53477421                   /tmp/hsperfdata_expert/16800
7f478035a000-7f478035c000 r--p 00000000 08:02 10617172                   /usr/lib/jvm/java-11-openjdk-amd64/lib/libjimage.so
7f478035c000-7f478035f000 r-xp 00002000 08:02 10617172                   /usr/lib/jvm/java-11-openjdk-amd64/lib/libjimage.so
7f478035f000-7f4780360000 r--p 00005000 08:02 10617172                   /usr/lib/jvm/java-11-openjdk-amd64/lib/libjimage.so
7f4780360000-7f4780361000 ---p 00006000 08:02 10617172                   /usr/lib/jvm/java-11-openjdk-amd64/lib/libjimage.so
7f4780361000-7f4780362000 r--p 00006000 08:02 10617172                   /usr/lib/jvm/java-11-openjdk-amd64/lib/libjimage.so
7f4780362000-7f4780363000 rw-p 00007000 08:02 10617172                   /usr/lib/jvm/java-11-openjdk-amd64/lib/libjimage.so
7f4780363000-7f4780371000 r--p 00000000 08:02 10617168                   /usr/lib/jvm/java-11-openjdk-amd64/lib/libjava.so
7f4780371000-7f4780387000 r-xp 0000e000 08:02 10617168                   /usr/lib/jvm/java-11-openjdk-amd64/lib/libjava.so
7f4780387000-7f478038e000 r--p 00024000 08:02 10617168                   /usr/lib/jvm/java-11-openjdk-amd64/lib/libjava.so
7f478038e000-7f478038f000 r--p 0002a000 08:02 10617168                   /usr/lib/jvm/java-11-openjdk-amd64/lib/libjava.so
7f478038f000-7f4780390000 rw-p 0002b000 08:02 10617168                   /usr/lib/jvm/java-11-openjdk-amd64/lib/libjava.so
7f4780390000-7f4780391000 rw-p 00000000 00:00 0 
7f4780391000-7f4780394000 r--p 00000000 08:02 5510909                    /usr/lib/x86_64-linux-gnu/librt-2.31.so
7f4780394000-7f4780398000 r-xp 00003000 08:02 5510909                    /usr/lib/x86_64-linux-gnu/librt-2.31.so
7f4780398000-7f4780399000 r--p 00007000 08:02 5510909                    /usr/lib/x86_64-linux-gnu/librt-2.31.so
7f4780399000-7f478039a000 ---p 00008000 08:02 5510909                    /usr/lib/x86_64-linux-gnu/librt-2.31.so
7f478039a000-7f478039b000 r--p 00008000 08:02 5510909                    /usr/lib/x86_64-linux-gnu/librt-2.31.so
7f478039b000-7f478039c000 rw-p 00009000 08:02 5510909                    /usr/lib/x86_64-linux-gnu/librt-2.31.so
7f478039c000-7f4780615000 r--p 00000000 08:02 10617219                   /usr/lib/jvm/java-11-openjdk-amd64/lib/server/libjvm.so
7f4780615000-7f4781296000 r-xp 00279000 08:02 10617219                   /usr/lib/jvm/java-11-openjdk-amd64/lib/server/libjvm.so
7f4781296000-7f47814ec000 r--p 00efa000 08:02 10617219                   /usr/lib/jvm/java-11-openjdk-amd64/lib/server/libjvm.so
7f47814ec000-7f47814ed000 ---p 01150000 08:02 10617219                   /usr/lib/jvm/java-11-openjdk-amd64/lib/server/libjvm.so
7f47814ed000-7f47815ae000 r--p 01150000 08:02 10617219                   /usr/lib/jvm/java-11-openjdk-amd64/lib/server/libjvm.so
7f47815ae000-7f47815e9000 rw-p 01211000 08:02 10617219                   /usr/lib/jvm/java-11-openjdk-amd64/lib/server/libjvm.so
7f47815e9000-7f4781640000 rw-p 00000000 00:00 0 
7f4781640000-7f4781641000 ---p 00000000 00:00 0 
7f4781641000-7f4781e41000 rw-p 00000000 00:00 0 
7f4781e41000-7f4781e42000 ---p 00000000 00:00 0 
7f4781e42000-7f4781e43000 rw-p 00000000 00:00 0 
7f4781e43000-7f4781e47000 ---p 00000000 00:00 0 
7f4781e47000-7f47827c2000 rw-p 00000000 00:00 0 
7f47827c2000-7f47827cd000 r-xp 00000000 08:02 5512872                    /usr/lib/x86_64-linux-gnu/libjbig.so.0
7f47827cd000-7f47829cc000 ---p 0000b000 08:02 5512872                    /usr/lib/x86_64-linux-gnu/libjbig.so.0
7f47829cc000-7f47829cd000 r--p 0000a000 08:02 5512872                    /usr/lib/x86_64-linux-gnu/libjbig.so.0
7f47829cd000-7f47829d0000 rw-p 0000b000 08:02 5512872                    /usr/lib/x86_64-linux-gnu/libjbig.so.0
7f47829d0000-7f47829d4000 r--p 00000000 08:02 5513621                    /usr/lib/x86_64-linux-gnu/libzstd.so.1.4.4
7f47829d4000-7f4782a66000 r-xp 00004000 08:02 5513621                    /usr/lib/x86_64-linux-gnu/libzstd.so.1.4.4
7f4782a66000-7f4782a77000 r--p 00096000 08:02 5513621                    /usr/lib/x86_64-linux-gnu/libzstd.so.1.4.4
7f4782a77000-7f4782a78000 r--p 000a6000 08:02 5513621                    /usr/lib/x86_64-linux-gnu/libzstd.so.1.4.4
7f4782a78000-7f4782a79000 rw-p 000a7000 08:02 5513621                    /usr/lib/x86_64-linux-gnu/libzstd.so.1.4.4
7f4782a79000-7f4782adf000 r-xp 00000000 08:02 5513518                    /usr/lib/x86_64-linux-gnu/libwebp.so.6.0.2
7f4782adf000-7f4782cde000 ---p 00066000 08:02 5513518                    /usr/lib/x86_64-linux-gnu/libwebp.so.6.0.2
7f4782cde000-7f4782cdf000 r--p 00065000 08:02 5513518                    /usr/lib/x86_64-linux-gnu/libwebp.so.6.0.2
7f4782cdf000-7f4782ce0000 rw-p 00066000 08:02 5513518                    /usr/lib/x86_64-linux-gnu/libwebp.so.6.0.2
7f4782ce0000-7f4782ce2000 rw-p 00000000 00:00 0 
7f4782ce2000-7f4782cea000 r--p 00000000 08:02 5507339                    /usr/lib/x86_64-linux-gnu/libtiff.so.5.5.0
7f4782cea000-7f4782d2e000 r-xp 00008000 08:02 5507339                    /usr/lib/x86_64-linux-gnu/libtiff.so.5.5.0
7f4782d2e000-7f4782d5d000 r--p 0004c000 08:02 5507339                    /usr/lib/x86_64-linux-gnu/libtiff.so.5.5.0
7f4782d5d000-7f4782d5e000 ---p 0007b000 08:02 5507339                    /usr/lib/x86_64-linux-gnu/libtiff.so.5.5.0
7f4782d5e000-7f4782d62000 r--p 0007b000 08:02 5507339                    /usr/lib/x86_64-linux-gnu/libtiff.so.5.5.0
7f4782d62000-7f4782d63000 rw-p 0007f000 08:02 5507339                    /usr/lib/x86_64-linux-gnu/libtiff.so.5.5.0
7f4782d63000-7f4782d67000 r--p 00000000 08:02 5512876                    /usr/lib/x86_64-linux-gnu/libjpeg.so.8.2.2
7f4782d67000-7f4782dab000 r-xp 00004000 08:02 5512876                    /usr/lib/x86_64-linux-gnu/libjpeg.so.8.2.2
7f4782dab000-7f4782de5000 r--p 00048000 08:02 5512876                    /usr/lib/x86_64-linux-gnu/libjpeg.so.8.2.2
7f4782de5000-7f4782de6000 ---p 00082000 08:02 5512876                    /usr/lib/x86_64-linux-gnu/libjpeg.so.8.2.2
7f4782de6000-7f4782de7000 r--p 00082000 08:02 5512876                    /usr/lib/x86_64-linux-gnu/libjpeg.so.8.2.2
7f4782de7000-7f4782de8000 rw-p 00083000 08:02 5512876                    /usr/lib/x86_64-linux-gnu/libjpeg.so.8.2.2
7f4782de8000-7f4782df9000 r--p 00000000 08:02 5900055                    /usr/lib/python3/dist-packages/PIL/_imaging.cpython-38-x86_64-linux-gnu.so
7f4782df9000-7f4782e38000 r-xp 00011000 08:02 5900055                    /usr/lib/python3/dist-packages/PIL/_imaging.cpython-38-x86_64-linux-gnu.so
7f4782e38000-7f4782e46000 r--p 00050000 08:02 5900055                    /usr/lib/python3/dist-packages/PIL/_imaging.cpython-38-x86_64-linux-gnu.so
7f4782e46000-7f4782e47000 ---p 0005e000 08:02 5900055                    /usr/lib/python3/dist-packages/PIL/_imaging.cpython-38-x86_64-linux-gnu.so
7f4782e47000-7f4782e4a000 r--p 0005e000 08:02 5900055                    /usr/lib/python3/dist-packages/PIL/_imaging.cpython-38-x86_64-linux-gnu.so
7f4782e4a000-7f4782e4e000 rw-p 00061000 08:02 5900055                    /usr/lib/python3/dist-packages/PIL/_imaging.cpython-38-x86_64-linux-gnu.so
7f4782e4e000-7f4782f0e000 rw-p 00000000 00:00 0 
7f4782f0e000-7f4782fa4000 r--p 00000000 08:02 5507203                    /usr/lib/x86_64-linux-gnu/libstdc++.so.6.0.28
7f4782fa4000-7f4783094000 r-xp 00096000 08:02 5507203                    /usr/lib/x86_64-linux-gnu/libstdc++.so.6.0.28
7f4783094000-7f47830dd000 r--p 00186000 08:02 5507203                    /usr/lib/x86_64-linux-gnu/libstdc++.so.6.0.28
7f47830dd000-7f47830de000 ---p 001cf000 08:02 5507203                    /usr/lib/x86_64-linux-gnu/libstdc++.so.6.0.28
7f47830de000-7f47830e9000 r--p 001cf000 08:02 5507203                    /usr/lib/x86_64-linux-gnu/libstdc++.so.6.0.28
7f47830e9000-7f47830ec000 rw-p 001da000 08:02 5507203                    /usr/lib/x86_64-linux-gnu/libstdc++.so.6.0.28
7f47830ec000-7f47830ef000 rw-p 00000000 00:00 0 
7f47830ef000-7f478310f000 r--p 00000000 08:02 1578348                    /home/expert/.local/lib/python3.8/site-packages/_jpype.cpython-38-x86_64-linux-gnu.so
7f478310f000-7f4783163000 r-xp 00020000 08:02 1578348                    /home/expert/.local/lib/python3.8/site-packages/_jpype.cpython-38-x86_64-linux-gnu.so
7f4783163000-7f4783180000 r--p 00074000 08:02 1578348                    /home/expert/.local/lib/python3.8/site-packages/_jpype.cpython-38-x86_64-linux-gnu.so
7f4783180000-7f4783182000 r--p 00090000 08:02 1578348                    /home/expert/.local/lib/python3.8/site-packages/_jpype.cpython-38-x86_64-linux-gnu.so
7f4783182000-7f4783185000 rw-p 00092000 08:02 1578348                    /home/expert/.local/lib/python3.8/site-packages/_jpype.cpython-38-x86_64-linux-gnu.so
7f4783185000-7f4783205000 rw-p 00000000 00:00 0 
7f4783206000-7f4783209000 r--p 00000000 08:02 5510900                    /usr/lib/x86_64-linux-gnu/libnss_files-2.31.so
7f4783209000-7f4783210000 r-xp 00003000 08:02 5510900                    /usr/lib/x86_64-linux-gnu/libnss_files-2.31.so
7f4783210000-7f4783212000 r--p 0000a000 08:02 5510900                    /usr/lib/x86_64-linux-gnu/libnss_files-2.31.so
7f4783212000-7f4783213000 r--p 0000b000 08:02 5510900                    /usr/lib/x86_64-linux-gnu/libnss_files-2.31.so
7f4783213000-7f4783214000 rw-p 0000c000 08:02 5510900                    /usr/lib/x86_64-linux-gnu/libnss_files-2.31.so
7f4783214000-7f478321a000 rw-p 00000000 00:00 0 
7f478321a000-7f478321c000 r--p 00000000 08:02 5512839                    /usr/lib/x86_64-linux-gnu/libimagequant.so.0
7f478321c000-7f4783226000 r-xp 00002000 08:02 5512839                    /usr/lib/x86_64-linux-gnu/libimagequant.so.0
7f4783226000-7f4783228000 r--p 0000c000 08:02 5512839                    /usr/lib/x86_64-linux-gnu/libimagequant.so.0
7f4783228000-7f4783229000 r--p 0000d000 08:02 5512839                    /usr/lib/x86_64-linux-gnu/libimagequant.so.0
7f4783229000-7f478322a000 rw-p 0000e000 08:02 5512839                    /usr/lib/x86_64-linux-gnu/libimagequant.so.0
7f478322a000-7f478326a000 rw-p 00000000 00:00 0 
7f478326a000-7f478326d000 r--p 00000000 08:02 5507200                    /usr/lib/x86_64-linux-gnu/libgcc_s.so.1
7f478326d000-7f478327f000 r-xp 00003000 08:02 5507200                    /usr/lib/x86_64-linux-gnu/libgcc_s.so.1
7f478327f000-7f4783283000 r--p 00015000 08:02 5507200                    /usr/lib/x86_64-linux-gnu/libgcc_s.so.1
7f4783283000-7f4783284000 r--p 00018000 08:02 5507200                    /usr/lib/x86_64-linux-gnu/libgcc_s.so.1
7f4783284000-7f4783285000 rw-p 00019000 08:02 5507200                    /usr/lib/x86_64-linux-gnu/libgcc_s.so.1
7f4783285000-7f47832c5000 rw-p 00000000 00:00 0 
7f47832c5000-7f47832c6000 ---p 00000000 00:00 0 
7f47832c6000-7f4784286000 rw-p 00000000 00:00 0 
7f4784286000-7f478428c000 r--p 00000000 08:02 5900516                    /usr/lib/python3/dist-packages/_yaml.cpython-38-x86_64-linux-gnu.so
7f478428c000-7f47842c4000 r-xp 00006000 08:02 5900516                    /usr/lib/python3/dist-packages/_yaml.cpython-38-x86_64-linux-gnu.so
7f47842c4000-7f47842c8000 r--p 0003e000 08:02 5900516                    /usr/lib/python3/dist-packages/_yaml.cpython-38-x86_64-linux-gnu.so
7f47842c8000-7f47842c9000 r--p 00041000 08:02 5900516                    /usr/lib/python3/dist-packages/_yaml.cpython-38-x86_64-linux-gnu.so
7f47842c9000-7f47842cc000 rw-p 00042000 08:02 5900516                    /usr/lib/python3/dist-packages/_yaml.cpython-38-x86_64-linux-gnu.so
7f47842cc000-7f478444d000 rw-p 00000000 00:00 0 
7f478444d000-7f478445b000 r--p 00000000 08:02 5513347                    /usr/lib/x86_64-linux-gnu/libsqlite3.so.0.8.6
7f478445b000-7f478453b000 r-xp 0000e000 08:02 5513347                    /usr/lib/x86_64-linux-gnu/libsqlite3.so.0.8.6
7f478453b000-7f478456f000 r--p 000ee000 08:02 5513347                    /usr/lib/x86_64-linux-gnu/libsqlite3.so.0.8.6
7f478456f000-7f4784570000 ---p 00122000 08:02 5513347                    /usr/lib/x86_64-linux-gnu/libsqlite3.so.0.8.6
7f4784570000-7f4784573000 r--p 00122000 08:02 5513347                    /usr/lib/x86_64-linux-gnu/libsqlite3.so.0.8.6
7f4784573000-7f4784576000 rw-p 00125000 08:02 5513347                    /usr/lib/x86_64-linux-gnu/libsqlite3.so.0.8.6
7f4784576000-7f4784df7000 rw-p 00000000 00:00 0 
7f4784df7000-7f4784df9000 r--p 00000000 08:02 5505611                    /usr/lib/x86_64-linux-gnu/libuuid.so.1.3.0
7f4784df9000-7f4784dfd000 r-xp 00002000 08:02 5505611                    /usr/lib/x86_64-linux-gnu/libuuid.so.1.3.0
7f4784dfd000-7f4784dfe000 r--p 00006000 08:02 5505611                    /usr/lib/x86_64-linux-gnu/libuuid.so.1.3.0
7f4784dfe000-7f4784dff000 r--p 00006000 08:02 5505611                    /usr/lib/x86_64-linux-gnu/libuuid.so.1.3.0
7f4784dff000-7f4784e00000 rw-p 00007000 08:02 5505611                    /usr/lib/x86_64-linux-gnu/libuuid.so.1.3.0
7f4784e00000-7f4784e05000 r--p 00000000 08:02 10617211                   /usr/lib/jvm/java-11-openjdk-amd64/lib/libverify.so
7f4784e05000-7f4784e0c000 r-xp 00005000 08:02 10617211                   /usr/lib/jvm/java-11-openjdk-amd64/lib/libverify.so
7f4784e0c000-7f4784e0e000 r--p 0000c000 08:02 10617211                   /usr/lib/jvm/java-11-openjdk-amd64/lib/libverify.so
7f4784e0e000-7f4784e0f000 ---p 0000e000 08:02 10617211                   /usr/lib/jvm/java-11-openjdk-amd64/lib/libverify.so
7f4784e0f000-7f4784e11000 r--p 0000e000 08:02 10617211                   /usr/lib/jvm/java-11-openjdk-amd64/lib/libverify.so
7f4784e11000-7f4784e12000 rw-p 00010000 08:02 10617211                   /usr/lib/jvm/java-11-openjdk-amd64/lib/libverify.so
7f4784e12000-7f4784f52000 rw-p 00000000 00:00 0 
7f4784f52000-7f4784f54000 r--p 00000000 08:02 6033216                    /usr/lib/python3.8/lib-dynload/_json.cpython-38-x86_64-linux-gnu.so
7f4784f54000-7f4784f62000 r-xp 00002000 08:02 6033216                    /usr/lib/python3.8/lib-dynload/_json.cpython-38-x86_64-linux-gnu.so
7f4784f62000-7f4784f64000 r--p 00010000 08:02 6033216                    /usr/lib/python3.8/lib-dynload/_json.cpython-38-x86_64-linux-gnu.so
7f4784f64000-7f4784f65000 r--p 00011000 08:02 6033216                    /usr/lib/python3.8/lib-dynload/_json.cpython-38-x86_64-linux-gnu.so
7f4784f65000-7f4784f66000 rw-p 00012000 08:02 6033216                    /usr/lib/python3.8/lib-dynload/_json.cpython-38-x86_64-linux-gnu.so
7f4784f66000-7f47850a6000 rw-p 00000000 00:00 0 
7f47850a6000-7f47850a9000 r--p 00000000 08:02 5505177                    /usr/lib/x86_64-linux-gnu/liblzma.so.5.2.4
7f47850a9000-7f47850c1000 r-xp 00003000 08:02 5505177                    /usr/lib/x86_64-linux-gnu/liblzma.so.5.2.4
7f47850c1000-7f47850cc000 r--p 0001b000 08:02 5505177                    /usr/lib/x86_64-linux-gnu/liblzma.so.5.2.4
7f47850cc000-7f47850cd000 ---p 00026000 08:02 5505177                    /usr/lib/x86_64-linux-gnu/liblzma.so.5.2.4
7f47850cd000-7f47850ce000 r--p 00026000 08:02 5505177                    /usr/lib/x86_64-linux-gnu/liblzma.so.5.2.4
7f47850ce000-7f47850cf000 rw-p 00027000 08:02 5505177                    /usr/lib/x86_64-linux-gnu/liblzma.so.5.2.4
7f47850d1000-7f47850d2000 r--p 00000000 08:02 5901189                    /usr/lib/python3/dist-packages/markupsafe/_speedups.cpython-38-x86_64-linux-gnu.so
7f47850d2000-7f47850d3000 r-xp 00001000 08:02 5901189                    /usr/lib/python3/dist-packages/markupsafe/_speedups.cpython-38-x86_64-linux-gnu.so
7f47850d3000-7f47850d4000 r--p 00002000 08:02 5901189                    /usr/lib/python3/dist-packages/markupsafe/_speedups.cpython-38-x86_64-linux-gnu.so
7f47850d4000-7f47850d5000 r--p 00002000 08:02 5901189                    /usr/lib/python3/dist-packages/markupsafe/_speedups.cpython-38-x86_64-linux-gnu.so
7f47850d5000-7f47850d6000 rw-p 00003000 08:02 5901189                    /usr/lib/python3/dist-packages/markupsafe/_speedups.cpython-38-x86_64-linux-gnu.so
7f47850d6000-7f47850d9000 r--p 00000000 08:02 6033439                    /usr/lib/python3.8/lib-dynload/_hashlib.cpython-38-x86_64-linux-gnu.so
7f47850d9000-7f47850dd000 r-xp 00003000 08:02 6033439                    /usr/lib/python3.8/lib-dynload/_hashlib.cpython-38-x86_64-linux-gnu.so
7f47850dd000-7f47850df000 r--p 00007000 08:02 6033439                    /usr/lib/python3.8/lib-dynload/_hashlib.cpython-38-x86_64-linux-gnu.so
7f47850df000-7f47850e0000 r--p 00008000 08:02 6033439                    /usr/lib/python3.8/lib-dynload/_hashlib.cpython-38-x86_64-linux-gnu.so
7f47850e0000-7f47850e1000 rw-p 00009000 08:02 6033439                    /usr/lib/python3.8/lib-dynload/_hashlib.cpython-38-x86_64-linux-gnu.so
7f47850e1000-7f47850e3000 r--p 00000000 08:02 5512288                    /usr/lib/x86_64-linux-gnu/libbz2.so.1.0.4
7f47850e3000-7f47850f0000 r-xp 00002000 08:02 5512288                    /usr/lib/x86_64-linux-gnu/libbz2.so.1.0.4
7f47850f0000-7f47850f2000 r--p 0000f000 08:02 5512288                    /usr/lib/x86_64-linux-gnu/libbz2.so.1.0.4
7f47850f2000-7f47850f3000 r--p 00010000 08:02 5512288                    /usr/lib/x86_64-linux-gnu/libbz2.so.1.0.4
7f47850f3000-7f47850f4000 rw-p 00011000 08:02 5512288                    /usr/lib/x86_64-linux-gnu/libbz2.so.1.0.4
7f47850f8000-7f47850fa000 r--p 00000000 08:02 5513615                    /usr/lib/x86_64-linux-gnu/libyaml-0.so.2.0.6
7f47850fa000-7f4785114000 r-xp 00002000 08:02 5513615                    /usr/lib/x86_64-linux-gnu/libyaml-0.so.2.0.6
7f4785114000-7f4785118000 r--p 0001c000 08:02 5513615                    /usr/lib/x86_64-linux-gnu/libyaml-0.so.2.0.6
7f4785118000-7f4785119000 r--p 0001f000 08:02 5513615                    /usr/lib/x86_64-linux-gnu/libyaml-0.so.2.0.6
7f4785119000-7f478511a000 rw-p 00020000 08:02 5513615                    /usr/lib/x86_64-linux-gnu/libyaml-0.so.2.0.6
7f478511f000-7f4785122000 r--p 00000000 08:02 5901474                    /usr/lib/python3/dist-packages/simplejson/_speedups.cpython-38-x86_64-linux-gnu.so
7f4785122000-7f4785128000 r-xp 00003000 08:02 5901474                    /usr/lib/python3/dist-packages/simplejson/_speedups.cpython-38-x86_64-linux-gnu.so
7f4785128000-7f478512a000 r--p 00009000 08:02 5901474                    /usr/lib/python3/dist-packages/simplejson/_speedups.cpython-38-x86_64-linux-gnu.so
7f478512a000-7f478512b000 r--p 0000a000 08:02 5901474                    /usr/lib/python3/dist-packages/simplejson/_speedups.cpython-38-x86_64-linux-gnu.so
7f478512b000-7f478512c000 rw-p 0000b000 08:02 5901474                    /usr/lib/python3/dist-packages/simplejson/_speedups.cpython-38-x86_64-linux-gnu.so
7f478512c000-7f4785133000 r--p 00000000 08:02 6033225                    /usr/lib/python3.8/lib-dynload/_sqlite3.cpython-38-x86_64-linux-gnu.so
7f4785133000-7f478513d000 r-xp 00007000 08:02 6033225                    /usr/lib/python3.8/lib-dynload/_sqlite3.cpython-38-x86_64-linux-gnu.so
7f478513d000-7f4785142000 r--p 00011000 08:02 6033225                    /usr/lib/python3.8/lib-dynload/_sqlite3.cpython-38-x86_64-linux-gnu.so
7f4785142000-7f4785143000 r--p 00015000 08:02 6033225                    /usr/lib/python3.8/lib-dynload/_sqlite3.cpython-38-x86_64-linux-gnu.so
7f4785143000-7f4785145000 rw-p 00016000 08:02 6033225                    /usr/lib/python3.8/lib-dynload/_sqlite3.cpython-38-x86_64-linux-gnu.so
7f4785145000-7f47851c5000 rw-p 00000000 00:00 0 
7f47851c5000-7f47851ca000 r--p 00000000 08:02 5512963                    /usr/lib/x86_64-linux-gnu/libmpdec.so.2.4.2
7f47851ca000-7f47851f3000 r-xp 00005000 08:02 5512963                    /usr/lib/x86_64-linux-gnu/libmpdec.so.2.4.2
7f47851f3000-7f47851fb000 r--p 0002e000 08:02 5512963                    /usr/lib/x86_64-linux-gnu/libmpdec.so.2.4.2
7f47851fb000-7f47851fc000 r--p 00035000 08:02 5512963                    /usr/lib/x86_64-linux-gnu/libmpdec.so.2.4.2
7f47851fc000-7f47851fd000 rw-p 00036000 08:02 5512963                    /usr/lib/x86_64-linux-gnu/libmpdec.so.2.4.2
7f47851fe000-7f47851ff000 r--p 00000000 08:02 6033231                    /usr/lib/python3.8/lib-dynload/_uuid.cpython-38-x86_64-linux-gnu.so
7f47851ff000-7f4785200000 r-xp 00001000 08:02 6033231                    /usr/lib/python3.8/lib-dynload/_uuid.cpython-38-x86_64-linux-gnu.so
7f4785200000-7f4785201000 r--p 00002000 08:02 6033231                    /usr/lib/python3.8/lib-dynload/_uuid.cpython-38-x86_64-linux-gnu.so
7f4785201000-7f4785202000 r--p 00002000 08:02 6033231                    /usr/lib/python3.8/lib-dynload/_uuid.cpython-38-x86_64-linux-gnu.so
7f4785202000-7f4785203000 rw-p 00003000 08:02 6033231                    /usr/lib/python3.8/lib-dynload/_uuid.cpython-38-x86_64-linux-gnu.so
7f4785203000-7f4785206000 r--p 00000000 08:02 6033218                    /usr/lib/python3.8/lib-dynload/_lzma.cpython-38-x86_64-linux-gnu.so
7f4785206000-7f478520a000 r-xp 00003000 08:02 6033218                    /usr/lib/python3.8/lib-dynload/_lzma.cpython-38-x86_64-linux-gnu.so
7f478520a000-7f478520d000 r--p 00007000 08:02 6033218                    /usr/lib/python3.8/lib-dynload/_lzma.cpython-38-x86_64-linux-gnu.so
7f478520d000-7f478520e000 r--p 00009000 08:02 6033218                    /usr/lib/python3.8/lib-dynload/_lzma.cpython-38-x86_64-linux-gnu.so
7f478520e000-7f478520f000 rw-p 0000a000 08:02 6033218                    /usr/lib/python3.8/lib-dynload/_lzma.cpython-38-x86_64-linux-gnu.so
7f478520f000-7f4785217000 r--p 00000000 08:02 6033215                    /usr/lib/python3.8/lib-dynload/_decimal.cpython-38-x86_64-linux-gnu.so
7f4785217000-7f478522c000 r-xp 00008000 08:02 6033215                    /usr/lib/python3.8/lib-dynload/_decimal.cpython-38-x86_64-linux-gnu.so
7f478522c000-7f4785237000 r--p 0001d000 08:02 6033215                    /usr/lib/python3.8/lib-dynload/_decimal.cpython-38-x86_64-linux-gnu.so
7f4785237000-7f4785238000 ---p 00028000 08:02 6033215                    /usr/lib/python3.8/lib-dynload/_decimal.cpython-38-x86_64-linux-gnu.so
7f4785238000-7f4785239000 r--p 00028000 08:02 6033215                    /usr/lib/python3.8/lib-dynload/_decimal.cpython-38-x86_64-linux-gnu.so
7f4785239000-7f478523c000 rw-p 00029000 08:02 6033215                    /usr/lib/python3.8/lib-dynload/_decimal.cpython-38-x86_64-linux-gnu.so
7f478523c000-7f478543c000 rw-p 00000000 00:00 0 
7f478543c000-7f47854b4000 r--p 00000000 08:02 5509378                    /usr/lib/x86_64-linux-gnu/libcrypto.so.1.1
7f47854b4000-7f478564f000 r-xp 00078000 08:02 5509378                    /usr/lib/x86_64-linux-gnu/libcrypto.so.1.1
7f478564f000-7f47856e0000 r--p 00213000 08:02 5509378                    /usr/lib/x86_64-linux-gnu/libcrypto.so.1.1
7f47856e0000-7f478570c000 r--p 002a3000 08:02 5509378                    /usr/lib/x86_64-linux-gnu/libcrypto.so.1.1
7f478570c000-7f478570e000 rw-p 002cf000 08:02 5509378                    /usr/lib/x86_64-linux-gnu/libcrypto.so.1.1
7f478570e000-7f4785712000 rw-p 00000000 00:00 0 
7f4785712000-7f478572e000 r--p 00000000 08:02 5509380                    /usr/lib/x86_64-linux-gnu/libssl.so.1.1
7f478572e000-7f478577d000 r-xp 0001c000 08:02 5509380                    /usr/lib/x86_64-linux-gnu/libssl.so.1.1
7f478577d000-7f4785797000 r--p 0006b000 08:02 5509380                    /usr/lib/x86_64-linux-gnu/libssl.so.1.1
7f4785797000-7f4785798000 ---p 00085000 08:02 5509380                    /usr/lib/x86_64-linux-gnu/libssl.so.1.1
7f4785798000-7f47857a1000 r--p 00085000 08:02 5509380                    /usr/lib/x86_64-linux-gnu/libssl.so.1.1
7f47857a1000-7f47857a5000 rw-p 0008e000 08:02 5509380                    /usr/lib/x86_64-linux-gnu/libssl.so.1.1
7f47857a5000-7f47857b4000 r--p 00000000 08:02 6033443                    /usr/lib/python3.8/lib-dynload/_ssl.cpython-38-x86_64-linux-gnu.so
7f47857b4000-7f47857bf000 r-xp 0000f000 08:02 6033443                    /usr/lib/python3.8/lib-dynload/_ssl.cpython-38-x86_64-linux-gnu.so
7f47857bf000-7f47857cb000 r--p 0001a000 08:02 6033443                    /usr/lib/python3.8/lib-dynload/_ssl.cpython-38-x86_64-linux-gnu.so
7f47857cb000-7f47857cc000 r--p 00025000 08:02 6033443                    /usr/lib/python3.8/lib-dynload/_ssl.cpython-38-x86_64-linux-gnu.so
7f47857cc000-7f47857d3000 rw-p 00026000 08:02 6033443                    /usr/lib/python3.8/lib-dynload/_ssl.cpython-38-x86_64-linux-gnu.so
7f47857d3000-7f4785913000 rw-p 00000000 00:00 0 
7f4785914000-7f4785916000 r--p 00000000 08:02 6033201                    /usr/lib/python3.8/lib-dynload/_bz2.cpython-38-x86_64-linux-gnu.so
7f4785916000-7f4785918000 r-xp 00002000 08:02 6033201                    /usr/lib/python3.8/lib-dynload/_bz2.cpython-38-x86_64-linux-gnu.so
7f4785918000-7f478591a000 r--p 00004000 08:02 6033201                    /usr/lib/python3.8/lib-dynload/_bz2.cpython-38-x86_64-linux-gnu.so
7f478591a000-7f478591b000 r--p 00005000 08:02 6033201                    /usr/lib/python3.8/lib-dynload/_bz2.cpython-38-x86_64-linux-gnu.so
7f478591b000-7f478591c000 rw-p 00006000 08:02 6033201                    /usr/lib/python3.8/lib-dynload/_bz2.cpython-38-x86_64-linux-gnu.so
7f478591c000-7f4785b1c000 rw-p 00000000 00:00 0 
7f4785b1c000-7f4785b1e000 r--s 0000c000 08:02 6294433                    /usr/share/java/java-atk-wrapper.jar
7f4785b1e000-7f4785b1f000 ---p 00000000 00:00 0 
7f4785b1f000-7f4785b20000 r--p 00000000 00:00 0 
7f4785b20000-7f4785b23000 r--p 00000000 08:02 6033241                    /usr/lib/python3.8/lib-dynload/termios.cpython-38-x86_64-linux-gnu.so
7f4785b23000-7f4785b24000 r-xp 00003000 08:02 6033241                    /usr/lib/python3.8/lib-dynload/termios.cpython-38-x86_64-linux-gnu.so
7f4785b24000-7f4785b26000 r--p 00004000 08:02 6033241                    /usr/lib/python3.8/lib-dynload/termios.cpython-38-x86_64-linux-gnu.so
7f4785b26000-7f4785b27000 r--p 00005000 08:02 6033241                    /usr/lib/python3.8/lib-dynload/termios.cpython-38-x86_64-linux-gnu.so
7f4785b27000-7f4785b29000 rw-p 00006000 08:02 6033241                    /usr/lib/python3.8/lib-dynload/termios.cpython-38-x86_64-linux-gnu.so
7f4785b29000-7f4785b2b000 r--p 00000000 08:02 6033224                    /usr/lib/python3.8/lib-dynload/_queue.cpython-38-x86_64-linux-gnu.so
7f4785b2b000-7f4785b2c000 r-xp 00002000 08:02 6033224                    /usr/lib/python3.8/lib-dynload/_queue.cpython-38-x86_64-linux-gnu.so
7f4785b2c000-7f4785b2d000 r--p 00003000 08:02 6033224                    /usr/lib/python3.8/lib-dynload/_queue.cpython-38-x86_64-linux-gnu.so
7f4785b2d000-7f4785b2e000 r--p 00003000 08:02 6033224                    /usr/lib/python3.8/lib-dynload/_queue.cpython-38-x86_64-linux-gnu.so
7f4785b2e000-7f4785b2f000 rw-p 00004000 08:02 6033224                    /usr/lib/python3.8/lib-dynload/_queue.cpython-38-x86_64-linux-gnu.so
7f4785b2f000-7f4785b33000 r--p 00000000 08:02 6033200                    /usr/lib/python3.8/lib-dynload/_asyncio.cpython-38-x86_64-linux-gnu.so
7f4785b33000-7f4785b39000 r-xp 00004000 08:02 6033200                    /usr/lib/python3.8/lib-dynload/_asyncio.cpython-38-x86_64-linux-gnu.so
7f4785b39000-7f4785b3d000 r--p 0000a000 08:02 6033200                    /usr/lib/python3.8/lib-dynload/_asyncio.cpython-38-x86_64-linux-gnu.so
7f4785b3d000-7f4785b3e000 ---p 0000e000 08:02 6033200                    /usr/lib/python3.8/lib-dynload/_asyncio.cpython-38-x86_64-linux-gnu.so
7f4785b3e000-7f4785b3f000 r--p 0000e000 08:02 6033200                    /usr/lib/python3.8/lib-dynload/_asyncio.cpython-38-x86_64-linux-gnu.so
7f4785b3f000-7f4785b41000 rw-p 0000f000 08:02 6033200                    /usr/lib/python3.8/lib-dynload/_asyncio.cpython-38-x86_64-linux-gnu.so
7f4785b41000-7f4785c81000 rw-p 00000000 00:00 0 
7f4785c81000-7f47861f1000 r--p 00000000 08:02 5508336                    /usr/lib/locale/locale-archive
7f47861f1000-7f47861f4000 rw-p 00000000 00:00 0 
7f47861f4000-7f47861f6000 r--p 00000000 08:02 5507232                    /usr/lib/x86_64-linux-gnu/libz.so.1.2.11
7f47861f6000-7f4786207000 r-xp 00002000 08:02 5507232                    /usr/lib/x86_64-linux-gnu/libz.so.1.2.11
7f4786207000-7f478620d000 r--p 00013000 08:02 5507232                    /usr/lib/x86_64-linux-gnu/libz.so.1.2.11
7f478620d000-7f478620e000 ---p 00019000 08:02 5507232                    /usr/lib/x86_64-linux-gnu/libz.so.1.2.11
7f478620e000-7f478620f000 r--p 00019000 08:02 5507232                    /usr/lib/x86_64-linux-gnu/libz.so.1.2.11
7f478620f000-7f4786210000 rw-p 0001a000 08:02 5507232                    /usr/lib/x86_64-linux-gnu/libz.so.1.2.11
7f4786210000-7f4786212000 rw-p 00000000 00:00 0 
7f4786212000-7f4786216000 r--p 00000000 08:02 5512505                    /usr/lib/x86_64-linux-gnu/libexpat.so.1.6.11
7f4786216000-7f4786232000 r-xp 00004000 08:02 5512505                    /usr/lib/x86_64-linux-gnu/libexpat.so.1.6.11
7f4786232000-7f478623c000 r--p 00020000 08:02 5512505                    /usr/lib/x86_64-linux-gnu/libexpat.so.1.6.11
7f478623c000-7f478623d000 ---p 0002a000 08:02 5512505                    /usr/lib/x86_64-linux-gnu/libexpat.so.1.6.11
7f478623d000-7f478623f000 r--p 0002a000 08:02 5512505                    /usr/lib/x86_64-linux-gnu/libexpat.so.1.6.11
7f478623f000-7f4786240000 rw-p 0002c000 08:02 5512505                    /usr/lib/x86_64-linux-gnu/libexpat.so.1.6.11
7f4786240000-7f478624f000 r--p 00000000 08:02 5510888                    /usr/lib/x86_64-linux-gnu/libm-2.31.so
7f478624f000-7f47862f6000 r-xp 0000f000 08:02 5510888                    /usr/lib/x86_64-linux-gnu/libm-2.31.so
7f47862f6000-7f478638d000 r--p 000b6000 08:02 5510888                    /usr/lib/x86_64-linux-gnu/libm-2.31.so
7f478638d000-7f478638e000 r--p 0014c000 08:02 5510888                    /usr/lib/x86_64-linux-gnu/libm-2.31.so
7f478638e000-7f478638f000 rw-p 0014d000 08:02 5510888                    /usr/lib/x86_64-linux-gnu/libm-2.31.so
7f478638f000-7f4786390000 r--p 00000000 08:02 5510911                    /usr/lib/x86_64-linux-gnu/libutil-2.31.so
7f4786390000-7f4786391000 r-xp 00001000 08:02 5510911                    /usr/lib/x86_64-linux-gnu/libutil-2.31.so
7f4786391000-7f4786392000 r--p 00002000 08:02 5510911                    /usr/lib/x86_64-linux-gnu/libutil-2.31.so
7f4786392000-7f4786393000 r--p 00002000 08:02 5510911                    /usr/lib/x86_64-linux-gnu/libutil-2.31.so
7f4786393000-7f4786394000 rw-p 00003000 08:02 5510911                    /usr/lib/x86_64-linux-gnu/libutil-2.31.so
7f4786394000-7f4786395000 r--p 00000000 08:02 5510886                    /usr/lib/x86_64-linux-gnu/libdl-2.31.so
7f4786395000-7f4786397000 r-xp 00001000 08:02 5510886                    /usr/lib/x86_64-linux-gnu/libdl-2.31.so
7f4786397000-7f4786398000 r--p 00003000 08:02 5510886                    /usr/lib/x86_64-linux-gnu/libdl-2.31.so
7f4786398000-7f4786399000 r--p 00003000 08:02 5510886                    /usr/lib/x86_64-linux-gnu/libdl-2.31.so
7f4786399000-7f478639a000 rw-p 00004000 08:02 5510886                    /usr/lib/x86_64-linux-gnu/libdl-2.31.so
7f478639a000-7f47863a1000 r--p 00000000 08:02 5510907                    /usr/lib/x86_64-linux-gnu/libpthread-2.31.so
7f47863a1000-7f47863b2000 r-xp 00007000 08:02 5510907                    /usr/lib/x86_64-linux-gnu/libpthread-2.31.so
7f47863b2000-7f47863b7000 r--p 00018000 08:02 5510907                    /usr/lib/x86_64-linux-gnu/libpthread-2.31.so
7f47863b7000-7f47863b8000 r--p 0001c000 08:02 5510907                    /usr/lib/x86_64-linux-gnu/libpthread-2.31.so
7f47863b8000-7f47863b9000 rw-p 0001d000 08:02 5510907                    /usr/lib/x86_64-linux-gnu/libpthread-2.31.so
7f47863b9000-7f47863bd000 rw-p 00000000 00:00 0 
7f47863bd000-7f47863e2000 r--p 00000000 08:02 5510884                    /usr/lib/x86_64-linux-gnu/libc-2.31.so
7f47863e2000-7f478655a000 r-xp 00025000 08:02 5510884                    /usr/lib/x86_64-linux-gnu/libc-2.31.so
7f478655a000-7f47865a4000 r--p 0019d000 08:02 5510884                    /usr/lib/x86_64-linux-gnu/libc-2.31.so
7f47865a4000-7f47865a5000 ---p 001e7000 08:02 5510884                    /usr/lib/x86_64-linux-gnu/libc-2.31.so
7f47865a5000-7f47865a8000 r--p 001e7000 08:02 5510884                    /usr/lib/x86_64-linux-gnu/libc-2.31.so
7f47865a8000-7f47865ab000 rw-p 001ea000 08:02 5510884                    /usr/lib/x86_64-linux-gnu/libc-2.31.so
7f47865ab000-7f47865b1000 rw-p 00000000 00:00 0 
7f47865b2000-7f47865b3000 r--p 00000000 08:02 6033208                    /usr/lib/python3.8/lib-dynload/_contextvars.cpython-38-x86_64-linux-gnu.so
7f47865b3000-7f47865b4000 r-xp 00001000 08:02 6033208                    /usr/lib/python3.8/lib-dynload/_contextvars.cpython-38-x86_64-linux-gnu.so
7f47865b4000-7f47865b5000 r--p 00002000 08:02 6033208                    /usr/lib/python3.8/lib-dynload/_contextvars.cpython-38-x86_64-linux-gnu.so
7f47865b5000-7f47865b6000 r--p 00002000 08:02 6033208                    /usr/lib/python3.8/lib-dynload/_contextvars.cpython-38-x86_64-linux-gnu.so
7f47865b6000-7f47865b7000 rw-p 00003000 08:02 6033208                    /usr/lib/python3.8/lib-dynload/_contextvars.cpython-38-x86_64-linux-gnu.so
7f47865b7000-7f47865b8000 r--p 00000000 08:02 6033440                    /usr/lib/python3.8/lib-dynload/_opcode.cpython-38-x86_64-linux-gnu.so
7f47865b8000-7f47865b9000 r-xp 00001000 08:02 6033440                    /usr/lib/python3.8/lib-dynload/_opcode.cpython-38-x86_64-linux-gnu.so
7f47865b9000-7f47865ba000 r--p 00002000 08:02 6033440                    /usr/lib/python3.8/lib-dynload/_opcode.cpython-38-x86_64-linux-gnu.so
7f47865ba000-7f47865bb000 r--p 00002000 08:02 6033440                    /usr/lib/python3.8/lib-dynload/_opcode.cpython-38-x86_64-linux-gnu.so
7f47865bb000-7f47865bc000 rw-p 00003000 08:02 6033440                    /usr/lib/python3.8/lib-dynload/_opcode.cpython-38-x86_64-linux-gnu.so
7f47865bc000-7f47865c3000 r--s 00000000 08:02 6165648                    /usr/lib/x86_64-linux-gnu/gconv/gconv-modules.cache
7f47865c3000-7f47865c4000 r--p 00000000 08:02 5507475                    /usr/lib/x86_64-linux-gnu/ld-2.31.so
7f47865c4000-7f47865e7000 r-xp 00001000 08:02 5507475                    /usr/lib/x86_64-linux-gnu/ld-2.31.so
7f47865e7000-7f47865ef000 r--p 00024000 08:02 5507475                    /usr/lib/x86_64-linux-gnu/ld-2.31.so
7f47865f0000-7f47865f1000 r--p 0002c000 08:02 5507475                    /usr/lib/x86_64-linux-gnu/ld-2.31.so
7f47865f1000-7f47865f2000 rw-p 0002d000 08:02 5507475                    /usr/lib/x86_64-linux-gnu/ld-2.31.so
7f47865f2000-7f47865f3000 rw-p 00000000 00:00 0 
7ffee56f0000-7ffee5711000 rw-p 00000000 00:00 0                          [stack]
7ffee575b000-7ffee575f000 r--p 00000000 00:00 0                          [vvar]
7ffee575f000-7ffee5761000 r-xp 00000000 00:00 0                          [vdso]
ffffffffff600000-ffffffffff601000 --xp 00000000 00:00 0                  [vsyscall]


VM Arguments:
jvm_args: -ea 
java_command: <unknown>
java_class_path (initial): <not set>
Launcher Type: generic

[Global flags]
     intx CICompilerCount                          = 4                                         {product} {ergonomic}
     uint ConcGCThreads                            = 2                                         {product} {ergonomic}
     uint G1ConcRefinementThreads                  = 8                                         {product} {ergonomic}
   size_t G1HeapRegionSize                         = 1048576                                   {product} {ergonomic}
    uintx GCDrainStackTargetSize                   = 64                                        {product} {ergonomic}
   size_t InitialHeapSize                          = 130023424                                 {product} {ergonomic}
   size_t MarkStackSize                            = 4194304                                   {product} {ergonomic}
   size_t MaxHeapSize                              = 2057306112                                {product} {ergonomic}
   size_t MaxNewSize                               = 1234173952                                {product} {ergonomic}
   size_t MinHeapDeltaBytes                        = 1048576                                   {product} {ergonomic}
    uintx NonNMethodCodeHeapSize                   = 5836300                                {pd product} {ergonomic}
    uintx NonProfiledCodeHeapSize                  = 122910970                              {pd product} {ergonomic}
    uintx ProfiledCodeHeapSize                     = 122910970                              {pd product} {ergonomic}
    uintx ReservedCodeCacheSize                    = 251658240                              {pd product} {ergonomic}
     bool SegmentedCodeCache                       = true                                      {product} {ergonomic}
     bool UseCompressedClassPointers               = true                                 {lp64_product} {ergonomic}
     bool UseCompressedOops                        = true                                 {lp64_product} {ergonomic}
     bool UseG1GC                                  = true                                      {product} {ergonomic}

Logging:
Log output configuration:
 #0: stdout all=warning uptime,level,tags
 #1: stderr all=off uptime,level,tags

Environment Variables:
PATH=/u01/app/oracle/product/11.2.0/xe/bin:/home/expert/.local/bin:/usr/local/sbin:/usr/local/bin:/usr/sbin:/usr/bin:/sbin:/bin:/usr/games:/usr/local/games:/snap/bin
USERNAME=expert
LD_LIBRARY_PATH=/u01/app/oracle/product/11.2.0/xe/lib:
SHELL=/bin/bash
DISPLAY=:0
LANG=en_IN
TZ=UTC

Signal Handlers:
SIGSEGV: [libjvm.so+0xe85e00], sa_mask[0]=11111111011111111101111111111110, sa_flags=SA_RESTART|SA_SIGINFO
SIGBUS: [libjvm.so+0xe85e00], sa_mask[0]=11111111011111111101111111111110, sa_flags=SA_RESTART|SA_SIGINFO
SIGFPE: [libjvm.so+0xe85e00], sa_mask[0]=11111111011111111101111111111110, sa_flags=SA_RESTART|SA_SIGINFO
SIGPIPE: [libjvm.so+0xbcbc30], sa_mask[0]=11111111011111111101111111111110, sa_flags=SA_RESTART|SA_SIGINFO
SIGXFSZ: [libjvm.so+0xbcbc30], sa_mask[0]=11111111011111111101111111111110, sa_flags=SA_RESTART|SA_SIGINFO
SIGILL: [libjvm.so+0xe85e00], sa_mask[0]=11111111011111111101111111111110, sa_flags=SA_RESTART|SA_SIGINFO
SIGUSR2: [libjvm.so+0xbcbad0], sa_mask[0]=00000000000000000000000000000000, sa_flags=SA_RESTART|SA_SIGINFO
SIGHUP: [libjvm.so+0xbcbf70], sa_mask[0]=11111111011111111101111111111110, sa_flags=SA_RESTART|SA_SIGINFO
SIGINT: SIG_DFL, sa_mask[0]=00000000000000000000000000000000, sa_flags=none
SIGTERM: SIG_DFL, sa_mask[0]=00000000000000000000000000000000, sa_flags=none
SIGQUIT: [libjvm.so+0xbcbf70], sa_mask[0]=11111111011111111101111111111110, sa_flags=SA_RESTART|SA_SIGINFO


---------------  S Y S T E M  ---------------

OS:DISTRIB_ID=Ubuntu
DISTRIB_RELEASE=20.04
DISTRIB_CODENAME=focal
DISTRIB_DESCRIPTION="Ubuntu 20.04.2 LTS"
uname:Linux 5.8.0-44-generic #50~20.04.1-Ubuntu SMP Wed Feb 10 21:07:30 UTC 2021 x86_64
OS uptime: 0 days 6:00 hours
libc:glibc 2.31 NPTL 2.31 
rlimit (soft/hard): STACK 8192k/infinity , CORE 0k/infinity , NPROC 31141/31141 , NOFILE 1048576/1048576 , AS infinity/infinity , CPU infinity/infinity , DATA infinity/infinity , FSIZE infinity/infinity , MEMLOCK 65536k/65536k
load average:0.75 0.87 0.89

/proc/meminfo:
MemTotal:        8030668 kB
MemFree:          682664 kB
MemAvailable:    3222704 kB
Buffers:          267968 kB
Cached:          3545976 kB
SwapCached:            0 kB
Active:          3962984 kB
Inactive:        1903456 kB
Active(anon):    2800764 kB
Inactive(anon):   765968 kB
Active(file):    1162220 kB
Inactive(file):  1137488 kB
Unevictable:      617420 kB
Mlocked:              48 kB
SwapTotal:       2097148 kB
SwapFree:        2097148 kB
Dirty:               396 kB
Writeback:             0 kB
AnonPages:       2670200 kB
Mapped:           960240 kB
Shmem:           1580760 kB
KReclaimable:     548096 kB
Slab:             715904 kB
SReclaimable:     548096 kB
SUnreclaim:       167808 kB
KernelStack:       20896 kB
PageTables:        60680 kB
NFS_Unstable:          0 kB
Bounce:                0 kB
WritebackTmp:          0 kB
CommitLimit:     6112480 kB
Committed_AS:   16230864 kB
VmallocTotal:   34359738367 kB
VmallocUsed:       37168 kB
VmallocChunk:          0 kB
Percpu:             6208 kB
HardwareCorrupted:     0 kB
AnonHugePages:         0 kB
ShmemHugePages:        0 kB
ShmemPmdMapped:        0 kB
FileHugePages:         0 kB
FilePmdMapped:         0 kB
HugePages_Total:       0
HugePages_Free:        0
HugePages_Rsvd:        0
HugePages_Surp:        0
Hugepagesize:       2048 kB
Hugetlb:               0 kB
DirectMap4k:      405900 kB
DirectMap2M:     7862272 kB
DirectMap1G:     1048576 kB

/sys/kernel/mm/transparent_hugepage/enabled:
always [madvise] never
/sys/kernel/mm/transparent_hugepage/defrag (defrag/compaction efforts parameter):
always defer defer+madvise [madvise] never

/proc/sys/kernel/threads-max (system-wide limit on the number of threads):
62283
/proc/sys/vm/max_map_count (maximum number of memory map areas a process may have):
65530
/proc/sys/kernel/pid_max (system-wide limit on number of process identifiers):
4194304

container (cgroup) information:
container_type: cgroupv1
cpu_cpuset_cpus: 0-7
cpu_memory_nodes: 0
active_processor_count: 8
cpu_quota: -1
cpu_period: 100000
cpu_shares: -1
memory_limit_in_bytes: -1
memory_and_swap_limit_in_bytes: -1
memory_soft_limit_in_bytes: -1
memory_usage_in_bytes: 5095333888
memory_max_usage_in_bytes: 5342658560

Steal ticks since vm start: 0
Steal ticks percentage since vm start:  0.000

CPU:total 8 (initial active 8) (4 cores per cpu, 2 threads per core) family 6 model 142 stepping 10 microcode 0xe0, cmov, cx8, fxsr, mmx, sse, sse2, sse3, ssse3, sse4.1, sse4.2, popcnt, avx, avx2, aes, clmul, erms, 3dnowpref, lzcnt, ht, tsc, tscinvbit, bmi1, bmi2, adx, fma
CPU Model and flags from /proc/cpuinfo:
model name	: Intel(R) Core(TM) i5-8250U CPU @ 1.60GHz
flags		: fpu vme de pse tsc msr pae mce cx8 apic sep mtrr pge mca cmov pat pse36 clflush dts acpi mmx fxsr sse sse2 ss ht tm pbe syscall nx pdpe1gb rdtscp lm constant_tsc art arch_perfmon pebs bts rep_good nopl xtopology nonstop_tsc cpuid aperfmperf pni pclmulqdq dtes64 monitor ds_cpl vmx est tm2 ssse3 sdbg fma cx16 xtpr pdcm pcid sse4_1 sse4_2 x2apic movbe popcnt tsc_deadline_timer aes xsave avx f16c rdrand lahf_lm abm 3dnowprefetch cpuid_fault epb invpcid_single pti ssbd ibrs ibpb stibp tpr_shadow vnmi flexpriority ept vpid ept_ad fsgsbase tsc_adjust bmi1 avx2 smep bmi2 erms invpcid mpx rdseed adx smap clflushopt intel_pt xsaveopt xsavec xgetbv1 xsaves dtherm ida arat pln pts hwp hwp_notify hwp_act_window hwp_epp md_clear flush_l1d
Online cpus:
0-7
Offline cpus:

BIOS frequency limitation:
<Not Available>
Frequency switch latency (ns):
0
Available cpu frequencies:
<Not Available>
Current governor:
powersave
Core performance/turbo boost:
<Not Available>

Memory: 4k page, physical 8030668k(682664k free), swap 2097148k(2097148k free)

vm_info: OpenJDK 64-Bit Server VM (11.0.10+9-Ubuntu-0ubuntu1.20.04) for linux-amd64 JRE (11.0.10+9-Ubuntu-0ubuntu1.20.04), built on Jan 20 2021 02:32:18 by "unknown" with gcc 9.3.0

END.
